[Taichi] version 1.7.4, llvm 15.0.1, commit b4b956fd, win, python 3.10.18
[Step120] row=duct_only_48_regularized_plane_flux_controlled_gain0p75_cap0p0075_rho0p0010_mndisabled_mgainoff_mcap0_blend0p00_out5_250step_mass_neutral_design role=mass_neutral_design_diagnostic_48 mode=duct_only grid=48x48x48 steps=250
[Taichi] Starting on arch=x64
[Step120] row=duct_only_48_regularized_plane_flux_controlled_gain0p75_cap0p0075_rho0p0010_mndisabled_mgainoff_mcap0_blend0p00_out5_250step_mass_neutral_design step=0/250 rho=[1,1] mass_drift=0 neg_pop=0
[Step120] row=duct_only_48_regularized_plane_flux_controlled_gain0p75_cap0p0075_rho0p0010_mndisabled_mgainoff_mcap0_blend0p00_out5_250step_mass_neutral_design step=5/250 rho=[0.999986,1.00195] mass_drift=6.6014e-05 neg_pop=0
[Step120] row=duct_only_48_regularized_plane_flux_controlled_gain0p75_cap0p0075_rho0p0010_mndisabled_mgainoff_mcap0_blend0p00_out5_250step_mass_neutral_design step=10/250 rho=[0.999838,1.00479] mass_drift=0.000269942 neg_pop=0
[Step120] row=duct_only_48_regularized_plane_flux_controlled_gain0p75_cap0p0075_rho0p0010_mndisabled_mgainoff_mcap0_blend0p00_out5_250step_mass_neutral_design step=15/250 rho=[0.999487,1.00702] mass_drift=0.000574721 neg_pop=0
[Step120] row=duct_only_48_regularized_plane_flux_controlled_gain0p75_cap0p0075_rho0p0010_mndisabled_mgainoff_mcap0_blend0p00_out5_250step_mass_neutral_design step=20/250 rho=[0.998989,1.00944] mass_drift=0.000977307 neg_pop=0
[Step120] row=duct_only_48_regularized_plane_flux_controlled_gain0p75_cap0p0075_rho0p0010_mndisabled_mgainoff_mcap0_blend0p00_out5_250step_mass_neutral_design step=25/250 rho=[0.998377,1.01186] mass_drift=0.00147057 neg_pop=0
[Step120] row=duct_only_48_regularized_plane_flux_controlled_gain0p75_cap0p0075_rho0p0010_mndisabled_mgainoff_mcap0_blend0p00_out5_250step_mass_neutral_design step=30/250 rho=[0.997679,1.01426] mass_drift=0.00204897 neg_pop=0
[Step120] row=duct_only_48_regularized_plane_flux_controlled_gain0p75_cap0p0075_rho0p0010_mndisabled_mgainoff_mcap0_blend0p00_out5_250step_mass_neutral_design step=35/250 rho=[0.996917,1.01668] mass_drift=0.00270935 neg_pop=0
[Step120] row=duct_only_48_regularized_plane_flux_controlled_gain0p75_cap0p0075_rho0p0010_mndisabled_mgainoff_mcap0_blend0p00_out5_250step_mass_neutral_design step=40/250 rho=[0.996104,1.01911] mass_drift=0.00344899 neg_pop=0
[Step120] row=duct_only_48_regularized_plane_flux_controlled_gain0p75_cap0p0075_rho0p0010_mndisabled_mgainoff_mcap0_blend0p00_out5_250step_mass_neutral_design step=45/250 rho=[0.995254,1.02153] mass_drift=0.00426617 neg_pop=0
[Step120] row=duct_only_48_regularized_plane_flux_controlled_gain0p75_cap0p0075_rho0p0010_mndisabled_mgainoff_mcap0_blend0p00_out5_250step_mass_neutral_design step=50/250 rho=[0.994373,1.02396] mass_drift=0.00515963 neg_pop=0
[Step120] row=duct_only_48_regularized_plane_flux_controlled_gain0p75_cap0p0075_rho0p0010_mndisabled_mgainoff_mcap0_blend0p00_out5_250step_mass_neutral_design step=55/250 rho=[0.993469,1.0264] mass_drift=0.00612858 neg_pop=0
[Step120] row=duct_only_48_regularized_plane_flux_controlled_gain0p75_cap0p0075_rho0p0010_mndisabled_mgainoff_mcap0_blend0p00_out5_250step_mass_neutral_design step=60/250 rho=[0.992546,1.02883] mass_drift=0.00717249 neg_pop=0
[Step120] row=duct_only_48_regularized_plane_flux_controlled_gain0p75_cap0p0075_rho0p0010_mndisabled_mgainoff_mcap0_blend0p00_out5_250step_mass_neutral_design step=65/250 rho=[0.991607,1.03128] mass_drift=0.00829108 neg_pop=0
[Step120] row=duct_only_48_regularized_plane_flux_controlled_gain0p75_cap0p0075_rho0p0010_mndisabled_mgainoff_mcap0_blend0p00_out5_250step_mass_neutral_design step=70/250 rho=[0.990655,1.03372] mass_drift=0.00948424 neg_pop=0
[Step120] row=duct_only_48_regularized_plane_flux_controlled_gain0p75_cap0p0075_rho0p0010_mndisabled_mgainoff_mcap0_blend0p00_out5_250step_mass_neutral_design step=75/250 rho=[0.989693,1.03617] mass_drift=0.0107517 neg_pop=0
[Step120] row=duct_only_48_regularized_plane_flux_controlled_gain0p75_cap0p0075_rho0p0010_mndisabled_mgainoff_mcap0_blend0p00_out5_250step_mass_neutral_design step=80/250 rho=[0.988742,1.03862] mass_drift=0.0120883 neg_pop=0
[Step120] row=duct_only_48_regularized_plane_flux_controlled_gain0p75_cap0p0075_rho0p0010_mndisabled_mgainoff_mcap0_blend0p00_out5_250step_mass_neutral_design step=85/250 rho=[0.987909,1.04106] mass_drift=0.0134503 neg_pop=0
[Step120] row=duct_only_48_regularized_plane_flux_controlled_gain0p75_cap0p0075_rho0p0010_mndisabled_mgainoff_mcap0_blend0p00_out5_250step_mass_neutral_design step=90/250 rho=[0.987203,1.04138] mass_drift=0.0146439 neg_pop=0
[Step120] row=duct_only_48_regularized_plane_flux_controlled_gain0p75_cap0p0075_rho0p0010_mndisabled_mgainoff_mcap0_blend0p00_out5_250step_mass_neutral_design step=95/250 rho=[0.986852,1.04061] mass_drift=0.015527 neg_pop=0
[Step120] row=duct_only_48_regularized_plane_flux_controlled_gain0p75_cap0p0075_rho0p0010_mndisabled_mgainoff_mcap0_blend0p00_out5_250step_mass_neutral_design step=100/250 rho=[0.987253,1.04009] mass_drift=0.0161906 neg_pop=0
[Step120] row=duct_only_48_regularized_plane_flux_controlled_gain0p75_cap0p0075_rho0p0010_mndisabled_mgainoff_mcap0_blend0p00_out5_250step_mass_neutral_design step=105/250 rho=[0.988152,1.03906] mass_drift=0.0166527 neg_pop=0
[Step120] row=duct_only_48_regularized_plane_flux_controlled_gain0p75_cap0p0075_rho0p0010_mndisabled_mgainoff_mcap0_blend0p00_out5_250step_mass_neutral_design step=110/250 rho=[0.989388,1.03786] mass_drift=0.016935 neg_pop=0
[Step120] row=duct_only_48_regularized_plane_flux_controlled_gain0p75_cap0p0075_rho0p0010_mndisabled_mgainoff_mcap0_blend0p00_out5_250step_mass_neutral_design step=115/250 rho=[0.990922,1.03651] mass_drift=0.0170551 neg_pop=0
[Step120] row=duct_only_48_regularized_plane_flux_controlled_gain0p75_cap0p0075_rho0p0010_mndisabled_mgainoff_mcap0_blend0p00_out5_250step_mass_neutral_design step=120/250 rho=[0.99267,1.03502] mass_drift=0.0170244 neg_pop=0
[Step120] row=duct_only_48_regularized_plane_flux_controlled_gain0p75_cap0p0075_rho0p0010_mndisabled_mgainoff_mcap0_blend0p00_out5_250step_mass_neutral_design step=125/250 rho=[0.994587,1.03346] mass_drift=0.016852 neg_pop=0
[Step120] row=duct_only_48_regularized_plane_flux_controlled_gain0p75_cap0p0075_rho0p0010_mndisabled_mgainoff_mcap0_blend0p00_out5_250step_mass_neutral_design step=130/250 rho=[0.996637,1.03185] mass_drift=0.0165448 neg_pop=0
[Step120] row=duct_only_48_regularized_plane_flux_controlled_gain0p75_cap0p0075_rho0p0010_mndisabled_mgainoff_mcap0_blend0p00_out5_250step_mass_neutral_design step=135/250 rho=[0.998787,1.03019] mass_drift=0.0161075 neg_pop=0
[Step120] row=duct_only_48_regularized_plane_flux_controlled_gain0p75_cap0p0075_rho0p0010_mndisabled_mgainoff_mcap0_blend0p00_out5_250step_mass_neutral_design step=140/250 rho=[1.00102,1.0285] mass_drift=0.0155439 neg_pop=0
[Step120] row=duct_only_48_regularized_plane_flux_controlled_gain0p75_cap0p0075_rho0p0010_mndisabled_mgainoff_mcap0_blend0p00_out5_250step_mass_neutral_design step=145/250 rho=[1.00332,1.02677] mass_drift=0.0148564 neg_pop=0
[Step120] row=duct_only_48_regularized_plane_flux_controlled_gain0p75_cap0p0075_rho0p0010_mndisabled_mgainoff_mcap0_blend0p00_out5_250step_mass_neutral_design step=150/250 rho=[1.00567,1.02501] mass_drift=0.0140471 neg_pop=0
[Step120] row=duct_only_48_regularized_plane_flux_controlled_gain0p75_cap0p0075_rho0p0010_mndisabled_mgainoff_mcap0_blend0p00_out5_250step_mass_neutral_design step=155/250 rho=[1.00806,1.02322] mass_drift=0.0131173 neg_pop=0
[Step120] row=duct_only_48_regularized_plane_flux_controlled_gain0p75_cap0p0075_rho0p0010_mndisabled_mgainoff_mcap0_blend0p00_out5_250step_mass_neutral_design step=160/250 rho=[1.01015,1.02139] mass_drift=0.0120694 neg_pop=0
[Step120] row=duct_only_48_regularized_plane_flux_controlled_gain0p75_cap0p0075_rho0p0010_mndisabled_mgainoff_mcap0_blend0p00_out5_250step_mass_neutral_design step=165/250 rho=[1.00882,1.01938] mass_drift=0.0109263 neg_pop=0
[Step120] row=duct_only_48_regularized_plane_flux_controlled_gain0p75_cap0p0075_rho0p0010_mndisabled_mgainoff_mcap0_blend0p00_out5_250step_mass_neutral_design step=170/250 rho=[1.0074,1.01667] mass_drift=0.00978645 neg_pop=0
[Step120] row=duct_only_48_regularized_plane_flux_controlled_gain0p75_cap0p0075_rho0p0010_mndisabled_mgainoff_mcap0_blend0p00_out5_250step_mass_neutral_design step=175/250 rho=[1.00591,1.01713] mass_drift=0.0087652 neg_pop=0
[Step120] row=duct_only_48_regularized_plane_flux_controlled_gain0p75_cap0p0075_rho0p0010_mndisabled_mgainoff_mcap0_blend0p00_out5_250step_mass_neutral_design step=180/250 rho=[1.00194,1.01859] mass_drift=0.00785855 neg_pop=0
[Step120] row=duct_only_48_regularized_plane_flux_controlled_gain0p75_cap0p0075_rho0p0010_mndisabled_mgainoff_mcap0_blend0p00_out5_250step_mass_neutral_design step=185/250 rho=[0.998879,1.01963] mass_drift=0.00706141 neg_pop=0
[Step120] row=duct_only_48_regularized_plane_flux_controlled_gain0p75_cap0p0075_rho0p0010_mndisabled_mgainoff_mcap0_blend0p00_out5_250step_mass_neutral_design step=190/250 rho=[0.996479,1.02032] mass_drift=0.00637372 neg_pop=0
[Step120] row=duct_only_48_regularized_plane_flux_controlled_gain0p75_cap0p0075_rho0p0010_mndisabled_mgainoff_mcap0_blend0p00_out5_250step_mass_neutral_design step=195/250 rho=[0.994774,1.02067] mass_drift=0.00577973 neg_pop=0
[Step120] row=duct_only_48_regularized_plane_flux_controlled_gain0p75_cap0p0075_rho0p0010_mndisabled_mgainoff_mcap0_blend0p00_out5_250step_mass_neutral_design step=200/250 rho=[0.993504,1.02078] mass_drift=0.00527248 neg_pop=0
[Step120] row=duct_only_48_regularized_plane_flux_controlled_gain0p75_cap0p0075_rho0p0010_mndisabled_mgainoff_mcap0_blend0p00_out5_250step_mass_neutral_design step=205/250 rho=[0.992597,1.02067] mass_drift=0.00484503 neg_pop=0
[Step120] row=duct_only_48_regularized_plane_flux_controlled_gain0p75_cap0p0075_rho0p0010_mndisabled_mgainoff_mcap0_blend0p00_out5_250step_mass_neutral_design step=210/250 rho=[0.992156,1.02039] mass_drift=0.00449079 neg_pop=0
[Step120] row=duct_only_48_regularized_plane_flux_controlled_gain0p75_cap0p0075_rho0p0010_mndisabled_mgainoff_mcap0_blend0p00_out5_250step_mass_neutral_design step=215/250 rho=[0.991965,1.01997] mass_drift=0.00420493 neg_pop=0
[Step120] row=duct_only_48_regularized_plane_flux_controlled_gain0p75_cap0p0075_rho0p0010_mndisabled_mgainoff_mcap0_blend0p00_out5_250step_mass_neutral_design step=220/250 rho=[0.99196,1.01944] mass_drift=0.00398332 neg_pop=0
[Step120] row=duct_only_48_regularized_plane_flux_controlled_gain0p75_cap0p0075_rho0p0010_mndisabled_mgainoff_mcap0_blend0p00_out5_250step_mass_neutral_design step=225/250 rho=[0.992083,1.01881] mass_drift=0.00382272 neg_pop=0
[Step120] row=duct_only_48_regularized_plane_flux_controlled_gain0p75_cap0p0075_rho0p0010_mndisabled_mgainoff_mcap0_blend0p00_out5_250step_mass_neutral_design step=230/250 rho=[0.992363,1.0181] mass_drift=0.00372063 neg_pop=0
[Step120] row=duct_only_48_regularized_plane_flux_controlled_gain0p75_cap0p0075_rho0p0010_mndisabled_mgainoff_mcap0_blend0p00_out5_250step_mass_neutral_design step=235/250 rho=[0.992711,1.01733] mass_drift=0.00367557 neg_pop=0
[Step120] row=duct_only_48_regularized_plane_flux_controlled_gain0p75_cap0p0075_rho0p0010_mndisabled_mgainoff_mcap0_blend0p00_out5_250step_mass_neutral_design step=240/250 rho=[0.993145,1.01649] mass_drift=0.00368941 neg_pop=0
[Step120] row=duct_only_48_regularized_plane_flux_controlled_gain0p75_cap0p0075_rho0p0010_mndisabled_mgainoff_mcap0_blend0p00_out5_250step_mass_neutral_design step=245/250 rho=[0.9938,1.01557] mass_drift=0.00377587 neg_pop=0
[Step120] row=duct_only_48_regularized_plane_flux_controlled_gain0p75_cap0p0075_rho0p0010_mndisabled_mgainoff_mcap0_blend0p00_out5_250step_mass_neutral_design step=250/250 rho=[0.995214,1.01454] mass_drift=0.00397486 neg_pop=0
[Step120] row=duct_only_48_regularized_plane_flux_controlled_gain0p75_cap0p0075_rho0p0010_mndisabled_mgainoff_mcap0_blend0p00_out5_250step_mass_neutral_design completed runtime_s=135.729
[Step120] row=duct_only_48_regularized_plane_flux_controlled_gain0p75_cap0p0075_rho0p0010_mnlow_mgain0p10_mcap0p00025_blend1p00_out5_250step_mass_neutral_design role=mass_neutral_design_diagnostic_48 mode=duct_only grid=48x48x48 steps=250
[Taichi] Starting on arch=x64
[Step120] row=duct_only_48_regularized_plane_flux_controlled_gain0p75_cap0p0075_rho0p0010_mnlow_mgain0p10_mcap0p00025_blend1p00_out5_250step_mass_neutral_design step=0/250 rho=[1,1] mass_drift=0 neg_pop=0
[Step120] row=duct_only_48_regularized_plane_flux_controlled_gain0p75_cap0p0075_rho0p0010_mnlow_mgain0p10_mcap0p00025_blend1p00_out5_250step_mass_neutral_design step=5/250 rho=[0.999985,1.00195] mass_drift=6.597e-05 neg_pop=0
[Step120] row=duct_only_48_regularized_plane_flux_controlled_gain0p75_cap0p0075_rho0p0010_mnlow_mgain0p10_mcap0p00025_blend1p00_out5_250step_mass_neutral_design step=10/250 rho=[0.999825,1.00479] mass_drift=0.000269382 neg_pop=0
[Step120] row=duct_only_48_regularized_plane_flux_controlled_gain0p75_cap0p0075_rho0p0010_mnlow_mgain0p10_mcap0p00025_blend1p00_out5_250step_mass_neutral_design step=15/250 rho=[0.999448,1.00702] mass_drift=0.000572407 neg_pop=0
[Step120] row=duct_only_48_regularized_plane_flux_controlled_gain0p75_cap0p0075_rho0p0010_mnlow_mgain0p10_mcap0p00025_blend1p00_out5_250step_mass_neutral_design step=20/250 rho=[0.998915,1.00944] mass_drift=0.00097134 neg_pop=0
[Step120] row=duct_only_48_regularized_plane_flux_controlled_gain0p75_cap0p0075_rho0p0010_mnlow_mgain0p10_mcap0p00025_blend1p00_out5_250step_mass_neutral_design step=25/250 rho=[0.998258,1.01186] mass_drift=0.00145846 neg_pop=0
[Step120] row=duct_only_48_regularized_plane_flux_controlled_gain0p75_cap0p0075_rho0p0010_mnlow_mgain0p10_mcap0p00025_blend1p00_out5_250step_mass_neutral_design step=30/250 rho=[0.997507,1.01426] mass_drift=0.00202772 neg_pop=0
[Step120] row=duct_only_48_regularized_plane_flux_controlled_gain0p75_cap0p0075_rho0p0010_mnlow_mgain0p10_mcap0p00025_blend1p00_out5_250step_mass_neutral_design step=35/250 rho=[0.996703,1.01668] mass_drift=0.00267606 neg_pop=0
[Step120] row=duct_only_48_regularized_plane_flux_controlled_gain0p75_cap0p0075_rho0p0010_mnlow_mgain0p10_mcap0p00025_blend1p00_out5_250step_mass_neutral_design step=40/250 rho=[0.995902,1.01911] mass_drift=0.0034035 neg_pop=0
[Step120] row=duct_only_48_regularized_plane_flux_controlled_gain0p75_cap0p0075_rho0p0010_mnlow_mgain0p10_mcap0p00025_blend1p00_out5_250step_mass_neutral_design step=45/250 rho=[0.995074,1.02153] mass_drift=0.00420975 neg_pop=0
[Step120] row=duct_only_48_regularized_plane_flux_controlled_gain0p75_cap0p0075_rho0p0010_mnlow_mgain0p10_mcap0p00025_blend1p00_out5_250step_mass_neutral_design step=50/250 rho=[0.994211,1.02396] mass_drift=0.00509348 neg_pop=0
[Step120] row=duct_only_48_regularized_plane_flux_controlled_gain0p75_cap0p0075_rho0p0010_mnlow_mgain0p10_mcap0p00025_blend1p00_out5_250step_mass_neutral_design step=55/250 rho=[0.99332,1.0264] mass_drift=0.00605359 neg_pop=0
[Step120] row=duct_only_48_regularized_plane_flux_controlled_gain0p75_cap0p0075_rho0p0010_mnlow_mgain0p10_mcap0p00025_blend1p00_out5_250step_mass_neutral_design step=60/250 rho=[0.992407,1.02883] mass_drift=0.00708933 neg_pop=0
[Step120] row=duct_only_48_regularized_plane_flux_controlled_gain0p75_cap0p0075_rho0p0010_mnlow_mgain0p10_mcap0p00025_blend1p00_out5_250step_mass_neutral_design step=65/250 rho=[0.991475,1.03128] mass_drift=0.00820025 neg_pop=0
[Step120] row=duct_only_48_regularized_plane_flux_controlled_gain0p75_cap0p0075_rho0p0010_mnlow_mgain0p10_mcap0p00025_blend1p00_out5_250step_mass_neutral_design step=70/250 rho=[0.990529,1.03372] mass_drift=0.00938611 neg_pop=0
[Step120] row=duct_only_48_regularized_plane_flux_controlled_gain0p75_cap0p0075_rho0p0010_mnlow_mgain0p10_mcap0p00025_blend1p00_out5_250step_mass_neutral_design step=75/250 rho=[0.989571,1.03617] mass_drift=0.0106466 neg_pop=0
[Step120] row=duct_only_48_regularized_plane_flux_controlled_gain0p75_cap0p0075_rho0p0010_mnlow_mgain0p10_mcap0p00025_blend1p00_out5_250step_mass_neutral_design step=80/250 rho=[0.988623,1.03862] mass_drift=0.0119763 neg_pop=0
[Step120] row=duct_only_48_regularized_plane_flux_controlled_gain0p75_cap0p0075_rho0p0010_mnlow_mgain0p10_mcap0p00025_blend1p00_out5_250step_mass_neutral_design step=85/250 rho=[0.987792,1.04106] mass_drift=0.0133315 neg_pop=0
[Step120] row=duct_only_48_regularized_plane_flux_controlled_gain0p75_cap0p0075_rho0p0010_mnlow_mgain0p10_mcap0p00025_blend1p00_out5_250step_mass_neutral_design step=90/250 rho=[0.987088,1.04138] mass_drift=0.0145184 neg_pop=0
[Step120] row=duct_only_48_regularized_plane_flux_controlled_gain0p75_cap0p0075_rho0p0010_mnlow_mgain0p10_mcap0p00025_blend1p00_out5_250step_mass_neutral_design step=95/250 rho=[0.986739,1.04058] mass_drift=0.0153945 neg_pop=0
[Step120] row=duct_only_48_regularized_plane_flux_controlled_gain0p75_cap0p0075_rho0p0010_mnlow_mgain0p10_mcap0p00025_blend1p00_out5_250step_mass_neutral_design step=100/250 rho=[0.987141,1.04001] mass_drift=0.0160509 neg_pop=0
[Step120] row=duct_only_48_regularized_plane_flux_controlled_gain0p75_cap0p0075_rho0p0010_mnlow_mgain0p10_mcap0p00025_blend1p00_out5_250step_mass_neutral_design step=105/250 rho=[0.988042,1.0389] mass_drift=0.0165055 neg_pop=0
[Step120] row=duct_only_48_regularized_plane_flux_controlled_gain0p75_cap0p0075_rho0p0010_mnlow_mgain0p10_mcap0p00025_blend1p00_out5_250step_mass_neutral_design step=110/250 rho=[0.989278,1.03761] mass_drift=0.0167801 neg_pop=0
[Step120] row=duct_only_48_regularized_plane_flux_controlled_gain0p75_cap0p0075_rho0p0010_mnlow_mgain0p10_mcap0p00025_blend1p00_out5_250step_mass_neutral_design step=115/250 rho=[0.990813,1.03616] mass_drift=0.0168924 neg_pop=0
[Step120] row=duct_only_48_regularized_plane_flux_controlled_gain0p75_cap0p0075_rho0p0010_mnlow_mgain0p10_mcap0p00025_blend1p00_out5_250step_mass_neutral_design step=120/250 rho=[0.992562,1.0346] mass_drift=0.016854 neg_pop=0
[Step120] row=duct_only_48_regularized_plane_flux_controlled_gain0p75_cap0p0075_rho0p0010_mnlow_mgain0p10_mcap0p00025_blend1p00_out5_250step_mass_neutral_design step=125/250 rho=[0.994481,1.03304] mass_drift=0.0166748 neg_pop=0
[Step120] row=duct_only_48_regularized_plane_flux_controlled_gain0p75_cap0p0075_rho0p0010_mnlow_mgain0p10_mcap0p00025_blend1p00_out5_250step_mass_neutral_design step=130/250 rho=[0.996531,1.03149] mass_drift=0.0163611 neg_pop=0
[Step120] row=duct_only_48_regularized_plane_flux_controlled_gain0p75_cap0p0075_rho0p0010_mnlow_mgain0p10_mcap0p00025_blend1p00_out5_250step_mass_neutral_design step=135/250 rho=[0.99868,1.02987] mass_drift=0.0159175 neg_pop=0
[Step120] row=duct_only_48_regularized_plane_flux_controlled_gain0p75_cap0p0075_rho0p0010_mnlow_mgain0p10_mcap0p00025_blend1p00_out5_250step_mass_neutral_design step=140/250 rho=[1.00091,1.0282] mass_drift=0.0153475 neg_pop=0
[Step120] row=duct_only_48_regularized_plane_flux_controlled_gain0p75_cap0p0075_rho0p0010_mnlow_mgain0p10_mcap0p00025_blend1p00_out5_250step_mass_neutral_design step=145/250 rho=[1.00321,1.0265] mass_drift=0.0146537 neg_pop=0
[Step120] row=duct_only_48_regularized_plane_flux_controlled_gain0p75_cap0p0075_rho0p0010_mnlow_mgain0p10_mcap0p00025_blend1p00_out5_250step_mass_neutral_design step=150/250 rho=[1.00556,1.02476] mass_drift=0.013838 neg_pop=0
[Step120] row=duct_only_48_regularized_plane_flux_controlled_gain0p75_cap0p0075_rho0p0010_mnlow_mgain0p10_mcap0p00025_blend1p00_out5_250step_mass_neutral_design step=155/250 rho=[1.00795,1.02298] mass_drift=0.0129017 neg_pop=0
[Step120] row=duct_only_48_regularized_plane_flux_controlled_gain0p75_cap0p0075_rho0p0010_mnlow_mgain0p10_mcap0p00025_blend1p00_out5_250step_mass_neutral_design step=160/250 rho=[1.00984,1.02115] mass_drift=0.0118474 neg_pop=0
[Step120] row=duct_only_48_regularized_plane_flux_controlled_gain0p75_cap0p0075_rho0p0010_mnlow_mgain0p10_mcap0p00025_blend1p00_out5_250step_mass_neutral_design step=165/250 rho=[1.00855,1.01915] mass_drift=0.010698 neg_pop=0
[Step120] row=duct_only_48_regularized_plane_flux_controlled_gain0p75_cap0p0075_rho0p0010_mnlow_mgain0p10_mcap0p00025_blend1p00_out5_250step_mass_neutral_design step=170/250 rho=[1.00716,1.01643] mass_drift=0.00955263 neg_pop=0
[Step120] row=duct_only_48_regularized_plane_flux_controlled_gain0p75_cap0p0075_rho0p0010_mnlow_mgain0p10_mcap0p00025_blend1p00_out5_250step_mass_neutral_design step=175/250 rho=[1.00568,1.01701] mass_drift=0.00852727 neg_pop=0
[Step120] row=duct_only_48_regularized_plane_flux_controlled_gain0p75_cap0p0075_rho0p0010_mnlow_mgain0p10_mcap0p00025_blend1p00_out5_250step_mass_neutral_design step=180/250 rho=[1.00171,1.01847] mass_drift=0.00761884 neg_pop=0
[Step120] row=duct_only_48_regularized_plane_flux_controlled_gain0p75_cap0p0075_rho0p0010_mnlow_mgain0p10_mcap0p00025_blend1p00_out5_250step_mass_neutral_design step=185/250 rho=[0.998654,1.01949] mass_drift=0.00682312 neg_pop=0
[Step120] row=duct_only_48_regularized_plane_flux_controlled_gain0p75_cap0p0075_rho0p0010_mnlow_mgain0p10_mcap0p00025_blend1p00_out5_250step_mass_neutral_design step=190/250 rho=[0.996258,1.02017] mass_drift=0.00614049 neg_pop=0
[Step120] row=duct_only_48_regularized_plane_flux_controlled_gain0p75_cap0p0075_rho0p0010_mnlow_mgain0p10_mcap0p00025_blend1p00_out5_250step_mass_neutral_design step=195/250 rho=[0.994555,1.02049] mass_drift=0.00555499 neg_pop=0
[Step120] row=duct_only_48_regularized_plane_flux_controlled_gain0p75_cap0p0075_rho0p0010_mnlow_mgain0p10_mcap0p00025_blend1p00_out5_250step_mass_neutral_design step=200/250 rho=[0.993286,1.02057] mass_drift=0.00505794 neg_pop=0
[Step120] row=duct_only_48_regularized_plane_flux_controlled_gain0p75_cap0p0075_rho0p0010_mnlow_mgain0p10_mcap0p00025_blend1p00_out5_250step_mass_neutral_design step=205/250 rho=[0.99238,1.02044] mass_drift=0.00463937 neg_pop=0
[Step120] row=duct_only_48_regularized_plane_flux_controlled_gain0p75_cap0p0075_rho0p0010_mnlow_mgain0p10_mcap0p00025_blend1p00_out5_250step_mass_neutral_design step=210/250 rho=[0.991941,1.02014] mass_drift=0.0042907 neg_pop=0
[Step120] row=duct_only_48_regularized_plane_flux_controlled_gain0p75_cap0p0075_rho0p0010_mnlow_mgain0p10_mcap0p00025_blend1p00_out5_250step_mass_neutral_design step=215/250 rho=[0.991751,1.0197] mass_drift=0.00400758 neg_pop=0
[Step120] row=duct_only_48_regularized_plane_flux_controlled_gain0p75_cap0p0075_rho0p0010_mnlow_mgain0p10_mcap0p00025_blend1p00_out5_250step_mass_neutral_design step=220/250 rho=[0.991747,1.01916] mass_drift=0.00378702 neg_pop=0
[Step120] row=duct_only_48_regularized_plane_flux_controlled_gain0p75_cap0p0075_rho0p0010_mnlow_mgain0p10_mcap0p00025_blend1p00_out5_250step_mass_neutral_design step=225/250 rho=[0.991869,1.01853] mass_drift=0.00362638 neg_pop=0
[Step120] row=duct_only_48_regularized_plane_flux_controlled_gain0p75_cap0p0075_rho0p0010_mnlow_mgain0p10_mcap0p00025_blend1p00_out5_250step_mass_neutral_design step=230/250 rho=[0.992149,1.01783] mass_drift=0.00352358 neg_pop=0
[Step120] row=duct_only_48_regularized_plane_flux_controlled_gain0p75_cap0p0075_rho0p0010_mnlow_mgain0p10_mcap0p00025_blend1p00_out5_250step_mass_neutral_design step=235/250 rho=[0.992498,1.01706] mass_drift=0.00347742 neg_pop=0
[Step120] row=duct_only_48_regularized_plane_flux_controlled_gain0p75_cap0p0075_rho0p0010_mnlow_mgain0p10_mcap0p00025_blend1p00_out5_250step_mass_neutral_design step=240/250 rho=[0.992933,1.01623] mass_drift=0.00348998 neg_pop=0
[Step120] row=duct_only_48_regularized_plane_flux_controlled_gain0p75_cap0p0075_rho0p0010_mnlow_mgain0p10_mcap0p00025_blend1p00_out5_250step_mass_neutral_design step=245/250 rho=[0.99359,1.01531] mass_drift=0.00357508 neg_pop=0
[Step120] row=duct_only_48_regularized_plane_flux_controlled_gain0p75_cap0p0075_rho0p0010_mnlow_mgain0p10_mcap0p00025_blend1p00_out5_250step_mass_neutral_design step=250/250 rho=[0.995007,1.01429] mass_drift=0.00377272 neg_pop=0
[Step120] row=duct_only_48_regularized_plane_flux_controlled_gain0p75_cap0p0075_rho0p0010_mnlow_mgain0p10_mcap0p00025_blend1p00_out5_250step_mass_neutral_design completed runtime_s=49.216
[Step120] row=duct_only_48_regularized_plane_flux_controlled_gain0p75_cap0p0075_rho0p0010_mnmid_mgain0p25_mcap0p0005_blend1p00_out5_250step_mass_neutral_design role=mass_neutral_design_diagnostic_48 mode=duct_only grid=48x48x48 steps=250
[Taichi] Starting on arch=x64
[Step120] row=duct_only_48_regularized_plane_flux_controlled_gain0p75_cap0p0075_rho0p0010_mnmid_mgain0p25_mcap0p0005_blend1p00_out5_250step_mass_neutral_design step=0/250 rho=[1,1] mass_drift=0 neg_pop=0
[Step120] row=duct_only_48_regularized_plane_flux_controlled_gain0p75_cap0p0075_rho0p0010_mnmid_mgain0p25_mcap0p0005_blend1p00_out5_250step_mass_neutral_design step=5/250 rho=[0.999982,1.00195] mass_drift=6.59154e-05 neg_pop=0
[Step120] row=duct_only_48_regularized_plane_flux_controlled_gain0p75_cap0p0075_rho0p0010_mnmid_mgain0p25_mcap0p0005_blend1p00_out5_250step_mass_neutral_design step=10/250 rho=[0.999805,1.00479] mass_drift=0.000268563 neg_pop=0
[Step120] row=duct_only_48_regularized_plane_flux_controlled_gain0p75_cap0p0075_rho0p0010_mnmid_mgain0p25_mcap0p0005_blend1p00_out5_250step_mass_neutral_design step=15/250 rho=[0.99939,1.00702] mass_drift=0.000568933 neg_pop=0
[Step120] row=duct_only_48_regularized_plane_flux_controlled_gain0p75_cap0p0075_rho0p0010_mnmid_mgain0p25_mcap0p0005_blend1p00_out5_250step_mass_neutral_design step=20/250 rho=[0.998805,1.00944] mass_drift=0.000962388 neg_pop=0
[Step120] row=duct_only_48_regularized_plane_flux_controlled_gain0p75_cap0p0075_rho0p0010_mnmid_mgain0p25_mcap0p0005_blend1p00_out5_250step_mass_neutral_design step=25/250 rho=[0.99808,1.01186] mass_drift=0.0014403 neg_pop=0
[Step120] row=duct_only_48_regularized_plane_flux_controlled_gain0p75_cap0p0075_rho0p0010_mnmid_mgain0p25_mcap0p0005_blend1p00_out5_250step_mass_neutral_design step=30/250 rho=[0.997257,1.01426] mass_drift=0.00199606 neg_pop=0
[Step120] row=duct_only_48_regularized_plane_flux_controlled_gain0p75_cap0p0075_rho0p0010_mnmid_mgain0p25_mcap0p0005_blend1p00_out5_250step_mass_neutral_design step=35/250 rho=[0.996488,1.01668] mass_drift=0.00263091 neg_pop=0
[Step120] row=duct_only_48_regularized_plane_flux_controlled_gain0p75_cap0p0075_rho0p0010_mnmid_mgain0p25_mcap0p0005_blend1p00_out5_250step_mass_neutral_design step=40/250 rho=[0.995723,1.01911] mass_drift=0.00334731 neg_pop=0
[Step120] row=duct_only_48_regularized_plane_flux_controlled_gain0p75_cap0p0075_rho0p0010_mnmid_mgain0p25_mcap0p0005_blend1p00_out5_250step_mass_neutral_design step=45/250 rho=[0.994913,1.02153] mass_drift=0.0041439 neg_pop=0
[Step120] row=duct_only_48_regularized_plane_flux_controlled_gain0p75_cap0p0075_rho0p0010_mnmid_mgain0p25_mcap0p0005_blend1p00_out5_250step_mass_neutral_design step=50/250 rho=[0.994063,1.02396] mass_drift=0.00501885 neg_pop=0
[Step120] row=duct_only_48_regularized_plane_flux_controlled_gain0p75_cap0p0075_rho0p0010_mnmid_mgain0p25_mcap0p0005_blend1p00_out5_250step_mass_neutral_design step=55/250 rho=[0.993182,1.0264] mass_drift=0.00597084 neg_pop=0
[Step120] row=duct_only_48_regularized_plane_flux_controlled_gain0p75_cap0p0075_rho0p0010_mnmid_mgain0p25_mcap0p0005_blend1p00_out5_250step_mass_neutral_design step=60/250 rho=[0.992276,1.02883] mass_drift=0.00699894 neg_pop=0
[Step120] row=duct_only_48_regularized_plane_flux_controlled_gain0p75_cap0p0075_rho0p0010_mnmid_mgain0p25_mcap0p0005_blend1p00_out5_250step_mass_neutral_design step=65/250 rho=[0.991349,1.03128] mass_drift=0.00810259 neg_pop=0
[Step120] row=duct_only_48_regularized_plane_flux_controlled_gain0p75_cap0p0075_rho0p0010_mnmid_mgain0p25_mcap0p0005_blend1p00_out5_250step_mass_neutral_design step=70/250 rho=[0.990407,1.03372] mass_drift=0.00928144 neg_pop=0
[Step120] row=duct_only_48_regularized_plane_flux_controlled_gain0p75_cap0p0075_rho0p0010_mnmid_mgain0p25_mcap0p0005_blend1p00_out5_250step_mass_neutral_design step=75/250 rho=[0.989452,1.03617] mass_drift=0.0105351 neg_pop=0
[Step120] row=duct_only_48_regularized_plane_flux_controlled_gain0p75_cap0p0075_rho0p0010_mnmid_mgain0p25_mcap0p0005_blend1p00_out5_250step_mass_neutral_design step=80/250 rho=[0.988506,1.03862] mass_drift=0.0118582 neg_pop=0
[Step120] row=duct_only_48_regularized_plane_flux_controlled_gain0p75_cap0p0075_rho0p0010_mnmid_mgain0p25_mcap0p0005_blend1p00_out5_250step_mass_neutral_design step=85/250 rho=[0.987677,1.04106] mass_drift=0.0132067 neg_pop=0
[Step120] row=duct_only_48_regularized_plane_flux_controlled_gain0p75_cap0p0075_rho0p0010_mnmid_mgain0p25_mcap0p0005_blend1p00_out5_250step_mass_neutral_design step=90/250 rho=[0.986974,1.04137] mass_drift=0.0143867 neg_pop=0
[Step120] row=duct_only_48_regularized_plane_flux_controlled_gain0p75_cap0p0075_rho0p0010_mnmid_mgain0p25_mcap0p0005_blend1p00_out5_250step_mass_neutral_design step=95/250 rho=[0.986627,1.04053] mass_drift=0.0152558 neg_pop=0
[Step120] row=duct_only_48_regularized_plane_flux_controlled_gain0p75_cap0p0075_rho0p0010_mnmid_mgain0p25_mcap0p0005_blend1p00_out5_250step_mass_neutral_design step=100/250 rho=[0.98703,1.03988] mass_drift=0.0159047 neg_pop=0
[Step120] row=duct_only_48_regularized_plane_flux_controlled_gain0p75_cap0p0075_rho0p0010_mnmid_mgain0p25_mcap0p0005_blend1p00_out5_250step_mass_neutral_design step=105/250 rho=[0.987932,1.03867] mass_drift=0.0163514 neg_pop=0
[Step120] row=duct_only_48_regularized_plane_flux_controlled_gain0p75_cap0p0075_rho0p0010_mnmid_mgain0p25_mcap0p0005_blend1p00_out5_250step_mass_neutral_design step=110/250 rho=[0.989169,1.03725] mass_drift=0.0166177 neg_pop=0
[Step120] row=duct_only_48_regularized_plane_flux_controlled_gain0p75_cap0p0075_rho0p0010_mnmid_mgain0p25_mcap0p0005_blend1p00_out5_250step_mass_neutral_design step=115/250 rho=[0.990705,1.03569] mass_drift=0.016722 neg_pop=0
[Step120] row=duct_only_48_regularized_plane_flux_controlled_gain0p75_cap0p0075_rho0p0010_mnmid_mgain0p25_mcap0p0005_blend1p00_out5_250step_mass_neutral_design step=120/250 rho=[0.992456,1.03413] mass_drift=0.0166768 neg_pop=0
[Step120] row=duct_only_48_regularized_plane_flux_controlled_gain0p75_cap0p0075_rho0p0010_mnmid_mgain0p25_mcap0p0005_blend1p00_out5_250step_mass_neutral_design step=125/250 rho=[0.994375,1.03268] mass_drift=0.0164916 neg_pop=0
[Step120] row=duct_only_48_regularized_plane_flux_controlled_gain0p75_cap0p0075_rho0p0010_mnmid_mgain0p25_mcap0p0005_blend1p00_out5_250step_mass_neutral_design step=130/250 rho=[0.996425,1.03117] mass_drift=0.0161717 neg_pop=0
[Step120] row=duct_only_48_regularized_plane_flux_controlled_gain0p75_cap0p0075_rho0p0010_mnmid_mgain0p25_mcap0p0005_blend1p00_out5_250step_mass_neutral_design step=135/250 rho=[0.998575,1.02957] mass_drift=0.0157216 neg_pop=0
[Step120] row=duct_only_48_regularized_plane_flux_controlled_gain0p75_cap0p0075_rho0p0010_mnmid_mgain0p25_mcap0p0005_blend1p00_out5_250step_mass_neutral_design step=140/250 rho=[1.00081,1.02794] mass_drift=0.0151452 neg_pop=0
[Step120] row=duct_only_48_regularized_plane_flux_controlled_gain0p75_cap0p0075_rho0p0010_mnmid_mgain0p25_mcap0p0005_blend1p00_out5_250step_mass_neutral_design step=145/250 rho=[1.00311,1.02625] mass_drift=0.014445 neg_pop=0
[Step120] row=duct_only_48_regularized_plane_flux_controlled_gain0p75_cap0p0075_rho0p0010_mnmid_mgain0p25_mcap0p0005_blend1p00_out5_250step_mass_neutral_design step=150/250 rho=[1.00546,1.02452] mass_drift=0.0136228 neg_pop=0
[Step120] row=duct_only_48_regularized_plane_flux_controlled_gain0p75_cap0p0075_rho0p0010_mnmid_mgain0p25_mcap0p0005_blend1p00_out5_250step_mass_neutral_design step=155/250 rho=[1.00785,1.02274] mass_drift=0.0126801 neg_pop=0
[Step120] row=duct_only_48_regularized_plane_flux_controlled_gain0p75_cap0p0075_rho0p0010_mnmid_mgain0p25_mcap0p0005_blend1p00_out5_250step_mass_neutral_design step=160/250 rho=[1.00956,1.02091] mass_drift=0.0116193 neg_pop=0
[Step120] row=duct_only_48_regularized_plane_flux_controlled_gain0p75_cap0p0075_rho0p0010_mnmid_mgain0p25_mcap0p0005_blend1p00_out5_250step_mass_neutral_design step=165/250 rho=[1.0083,1.01891] mass_drift=0.0104638 neg_pop=0
[Step120] row=duct_only_48_regularized_plane_flux_controlled_gain0p75_cap0p0075_rho0p0010_mnmid_mgain0p25_mcap0p0005_blend1p00_out5_250step_mass_neutral_design step=170/250 rho=[1.00693,1.0162] mass_drift=0.00931317 neg_pop=0
[Step120] row=duct_only_48_regularized_plane_flux_controlled_gain0p75_cap0p0075_rho0p0010_mnmid_mgain0p25_mcap0p0005_blend1p00_out5_250step_mass_neutral_design step=175/250 rho=[1.00546,1.01689] mass_drift=0.00828471 neg_pop=0
[Step120] row=duct_only_48_regularized_plane_flux_controlled_gain0p75_cap0p0075_rho0p0010_mnmid_mgain0p25_mcap0p0005_blend1p00_out5_250step_mass_neutral_design step=180/250 rho=[1.00149,1.01834] mass_drift=0.00737669 neg_pop=0
[Step120] row=duct_only_48_regularized_plane_flux_controlled_gain0p75_cap0p0075_rho0p0010_mnmid_mgain0p25_mcap0p0005_blend1p00_out5_250step_mass_neutral_design step=185/250 rho=[0.99843,1.01935] mass_drift=0.00658609 neg_pop=0
[Step120] row=duct_only_48_regularized_plane_flux_controlled_gain0p75_cap0p0075_rho0p0010_mnmid_mgain0p25_mcap0p0005_blend1p00_out5_250step_mass_neutral_design step=190/250 rho=[0.996038,1.01999] mass_drift=0.00591335 neg_pop=0
[Step120] row=duct_only_48_regularized_plane_flux_controlled_gain0p75_cap0p0075_rho0p0010_mnmid_mgain0p25_mcap0p0005_blend1p00_out5_250step_mass_neutral_design step=195/250 rho=[0.994336,1.02029] mass_drift=0.00534035 neg_pop=0
[Step120] row=duct_only_48_regularized_plane_flux_controlled_gain0p75_cap0p0075_rho0p0010_mnmid_mgain0p25_mcap0p0005_blend1p00_out5_250step_mass_neutral_design step=200/250 rho=[0.993069,1.02034] mass_drift=0.00485389 neg_pop=0
[Step120] row=duct_only_48_regularized_plane_flux_controlled_gain0p75_cap0p0075_rho0p0010_mnmid_mgain0p25_mcap0p0005_blend1p00_out5_250step_mass_neutral_design step=205/250 rho=[0.992165,1.02017] mass_drift=0.00444095 neg_pop=0
[Step120] row=duct_only_48_regularized_plane_flux_controlled_gain0p75_cap0p0075_rho0p0010_mnmid_mgain0p25_mcap0p0005_blend1p00_out5_250step_mass_neutral_design step=210/250 rho=[0.991727,1.01986] mass_drift=0.0040944 neg_pop=0
[Step120] row=duct_only_48_regularized_plane_flux_controlled_gain0p75_cap0p0075_rho0p0010_mnmid_mgain0p25_mcap0p0005_blend1p00_out5_250step_mass_neutral_design step=215/250 rho=[0.991537,1.01942] mass_drift=0.00381196 neg_pop=0
[Step120] row=duct_only_48_regularized_plane_flux_controlled_gain0p75_cap0p0075_rho0p0010_mnmid_mgain0p25_mcap0p0005_blend1p00_out5_250step_mass_neutral_design step=220/250 rho=[0.991533,1.01888] mass_drift=0.00359112 neg_pop=0
[Step120] row=duct_only_48_regularized_plane_flux_controlled_gain0p75_cap0p0075_rho0p0010_mnmid_mgain0p25_mcap0p0005_blend1p00_out5_250step_mass_neutral_design step=225/250 rho=[0.991655,1.01826] mass_drift=0.00342958 neg_pop=0
[Step120] row=duct_only_48_regularized_plane_flux_controlled_gain0p75_cap0p0075_rho0p0010_mnmid_mgain0p25_mcap0p0005_blend1p00_out5_250step_mass_neutral_design step=230/250 rho=[0.991936,1.01756] mass_drift=0.00332557 neg_pop=0
[Step120] row=duct_only_48_regularized_plane_flux_controlled_gain0p75_cap0p0075_rho0p0010_mnmid_mgain0p25_mcap0p0005_blend1p00_out5_250step_mass_neutral_design step=235/250 rho=[0.992285,1.01679] mass_drift=0.00327806 neg_pop=0
[Step120] row=duct_only_48_regularized_plane_flux_controlled_gain0p75_cap0p0075_rho0p0010_mnmid_mgain0p25_mcap0p0005_blend1p00_out5_250step_mass_neutral_design step=240/250 rho=[0.992722,1.01597] mass_drift=0.00328921 neg_pop=0
[Step120] row=duct_only_48_regularized_plane_flux_controlled_gain0p75_cap0p0075_rho0p0010_mnmid_mgain0p25_mcap0p0005_blend1p00_out5_250step_mass_neutral_design step=245/250 rho=[0.993379,1.01506] mass_drift=0.00337291 neg_pop=0
[Step120] row=duct_only_48_regularized_plane_flux_controlled_gain0p75_cap0p0075_rho0p0010_mnmid_mgain0p25_mcap0p0005_blend1p00_out5_250step_mass_neutral_design step=250/250 rho=[0.994802,1.01404] mass_drift=0.00356924 neg_pop=0
[Step120] row=duct_only_48_regularized_plane_flux_controlled_gain0p75_cap0p0075_rho0p0010_mnmid_mgain0p25_mcap0p0005_blend1p00_out5_250step_mass_neutral_design completed runtime_s=41.061
[Step120] row=duct_only_48_regularized_plane_flux_controlled_gain0p75_cap0p0075_rho0p0010_mnhigh_mgain0p50_mcap0p001_blend1p00_out5_250step_mass_neutral_design role=mass_neutral_design_diagnostic_48 mode=duct_only grid=48x48x48 steps=250
[Taichi] Starting on arch=x64
[Step120] row=duct_only_48_regularized_plane_flux_controlled_gain0p75_cap0p0075_rho0p0010_mnhigh_mgain0p50_mcap0p001_blend1p00_out5_250step_mass_neutral_design step=0/250 rho=[1,1] mass_drift=0 neg_pop=0
[Step120] row=duct_only_48_regularized_plane_flux_controlled_gain0p75_cap0p0075_rho0p0010_mnhigh_mgain0p50_mcap0p001_blend1p00_out5_250step_mass_neutral_design step=5/250 rho=[0.999979,1.00195] mass_drift=6.58214e-05 neg_pop=0
[Step120] row=duct_only_48_regularized_plane_flux_controlled_gain0p75_cap0p0075_rho0p0010_mnhigh_mgain0p50_mcap0p001_blend1p00_out5_250step_mass_neutral_design step=10/250 rho=[0.999772,1.00479] mass_drift=0.000267203 neg_pop=0
[Step120] row=duct_only_48_regularized_plane_flux_controlled_gain0p75_cap0p0075_rho0p0010_mnhigh_mgain0p50_mcap0p001_blend1p00_out5_250step_mass_neutral_design step=15/250 rho=[0.999293,1.00702] mass_drift=0.000563166 neg_pop=0
[Step120] row=duct_only_48_regularized_plane_flux_controlled_gain0p75_cap0p0075_rho0p0010_mnhigh_mgain0p50_mcap0p001_blend1p00_out5_250step_mass_neutral_design step=20/250 rho=[0.99862,1.00944] mass_drift=0.000947474 neg_pop=0
[Step120] row=duct_only_48_regularized_plane_flux_controlled_gain0p75_cap0p0075_rho0p0010_mnhigh_mgain0p50_mcap0p001_blend1p00_out5_250step_mass_neutral_design step=25/250 rho=[0.997782,1.01186] mass_drift=0.00141004 neg_pop=0
[Step120] row=duct_only_48_regularized_plane_flux_controlled_gain0p75_cap0p0075_rho0p0010_mnhigh_mgain0p50_mcap0p001_blend1p00_out5_250step_mass_neutral_design step=30/250 rho=[0.996835,1.01426] mass_drift=0.00194317 neg_pop=0
[Step120] row=duct_only_48_regularized_plane_flux_controlled_gain0p75_cap0p0075_rho0p0010_mnhigh_mgain0p50_mcap0p001_blend1p00_out5_250step_mass_neutral_design step=35/250 rho=[0.99606,1.01668] mass_drift=0.0025525 neg_pop=0
[Step120] row=duct_only_48_regularized_plane_flux_controlled_gain0p75_cap0p0075_rho0p0010_mnhigh_mgain0p50_mcap0p001_blend1p00_out5_250step_mass_neutral_design step=40/250 rho=[0.995341,1.01911] mass_drift=0.00324566 neg_pop=0
[Step120] row=duct_only_48_regularized_plane_flux_controlled_gain0p75_cap0p0075_rho0p0010_mnhigh_mgain0p50_mcap0p001_blend1p00_out5_250step_mass_neutral_design step=45/250 rho=[0.994572,1.02153] mass_drift=0.00402166 neg_pop=0
[Step120] row=duct_only_48_regularized_plane_flux_controlled_gain0p75_cap0p0075_rho0p0010_mnhigh_mgain0p50_mcap0p001_blend1p00_out5_250step_mass_neutral_design step=50/250 rho=[0.993753,1.02396] mass_drift=0.00487811 neg_pop=0
[Step120] row=duct_only_48_regularized_plane_flux_controlled_gain0p75_cap0p0075_rho0p0010_mnhigh_mgain0p50_mcap0p001_blend1p00_out5_250step_mass_neutral_design step=55/250 rho=[0.992895,1.0264] mass_drift=0.00581313 neg_pop=0
[Step120] row=duct_only_48_regularized_plane_flux_controlled_gain0p75_cap0p0075_rho0p0010_mnhigh_mgain0p50_mcap0p001_blend1p00_out5_250step_mass_neutral_design step=60/250 rho=[0.992005,1.02883] mass_drift=0.00682543 neg_pop=0
[Step120] row=duct_only_48_regularized_plane_flux_controlled_gain0p75_cap0p0075_rho0p0010_mnhigh_mgain0p50_mcap0p001_blend1p00_out5_250step_mass_neutral_design step=65/250 rho=[0.991092,1.03128] mass_drift=0.00791413 neg_pop=0
[Step120] row=duct_only_48_regularized_plane_flux_controlled_gain0p75_cap0p0075_rho0p0010_mnhigh_mgain0p50_mcap0p001_blend1p00_out5_250step_mass_neutral_design step=70/250 rho=[0.990158,1.03372] mass_drift=0.00907867 neg_pop=0
[Step120] row=duct_only_48_regularized_plane_flux_controlled_gain0p75_cap0p0075_rho0p0010_mnhigh_mgain0p50_mcap0p001_blend1p00_out5_250step_mass_neutral_design step=75/250 rho=[0.98921,1.03617] mass_drift=0.0103185 neg_pop=0
[Step120] row=duct_only_48_regularized_plane_flux_controlled_gain0p75_cap0p0075_rho0p0010_mnhigh_mgain0p50_mcap0p001_blend1p00_out5_250step_mass_neutral_design step=80/250 rho=[0.98827,1.03862] mass_drift=0.0116281 neg_pop=0
[Step120] row=duct_only_48_regularized_plane_flux_controlled_gain0p75_cap0p0075_rho0p0010_mnhigh_mgain0p50_mcap0p001_blend1p00_out5_250step_mass_neutral_design step=85/250 rho=[0.987445,1.04106] mass_drift=0.0129632 neg_pop=0
[Step120] row=duct_only_48_regularized_plane_flux_controlled_gain0p75_cap0p0075_rho0p0010_mnhigh_mgain0p50_mcap0p001_blend1p00_out5_250step_mass_neutral_design step=90/250 rho=[0.986746,1.04135] mass_drift=0.0141295 neg_pop=0
[Step120] row=duct_only_48_regularized_plane_flux_controlled_gain0p75_cap0p0075_rho0p0010_mnhigh_mgain0p50_mcap0p001_blend1p00_out5_250step_mass_neutral_design step=95/250 rho=[0.986402,1.04046] mass_drift=0.0149846 neg_pop=0
[Step120] row=duct_only_48_regularized_plane_flux_controlled_gain0p75_cap0p0075_rho0p0010_mnhigh_mgain0p50_mcap0p001_blend1p00_out5_250step_mass_neutral_design step=100/250 rho=[0.986807,1.03968] mass_drift=0.0156189 neg_pop=0
[Step120] row=duct_only_48_regularized_plane_flux_controlled_gain0p75_cap0p0075_rho0p0010_mnhigh_mgain0p50_mcap0p001_blend1p00_out5_250step_mass_neutral_design step=105/250 rho=[0.987711,1.03828] mass_drift=0.0160502 neg_pop=0
[Step120] row=duct_only_48_regularized_plane_flux_controlled_gain0p75_cap0p0075_rho0p0010_mnhigh_mgain0p50_mcap0p001_blend1p00_out5_250step_mass_neutral_design step=110/250 rho=[0.98895,1.03665] mass_drift=0.0163006 neg_pop=0
[Step120] row=duct_only_48_regularized_plane_flux_controlled_gain0p75_cap0p0075_rho0p0010_mnhigh_mgain0p50_mcap0p001_blend1p00_out5_250step_mass_neutral_design step=115/250 rho=[0.990489,1.03488] mass_drift=0.016389 neg_pop=0
[Step120] row=duct_only_48_regularized_plane_flux_controlled_gain0p75_cap0p0075_rho0p0010_mnhigh_mgain0p50_mcap0p001_blend1p00_out5_250step_mass_neutral_design step=120/250 rho=[0.992241,1.03324] mass_drift=0.0163293 neg_pop=0
[Step120] row=duct_only_48_regularized_plane_flux_controlled_gain0p75_cap0p0075_rho0p0010_mnhigh_mgain0p50_mcap0p001_blend1p00_out5_250step_mass_neutral_design step=125/250 rho=[0.994163,1.0319] mass_drift=0.0161311 neg_pop=0
[Step120] row=duct_only_48_regularized_plane_flux_controlled_gain0p75_cap0p0075_rho0p0010_mnhigh_mgain0p50_mcap0p001_blend1p00_out5_250step_mass_neutral_design step=130/250 rho=[0.996213,1.03049] mass_drift=0.0157985 neg_pop=0
[Step120] row=duct_only_48_regularized_plane_flux_controlled_gain0p75_cap0p0075_rho0p0010_mnhigh_mgain0p50_mcap0p001_blend1p00_out5_250step_mass_neutral_design step=135/250 rho=[0.998363,1.02895] mass_drift=0.0153358 neg_pop=0
[Step120] row=duct_only_48_regularized_plane_flux_controlled_gain0p75_cap0p0075_rho0p0010_mnhigh_mgain0p50_mcap0p001_blend1p00_out5_250step_mass_neutral_design step=140/250 rho=[1.0006,1.02737] mass_drift=0.0147466 neg_pop=0
[Step120] row=duct_only_48_regularized_plane_flux_controlled_gain0p75_cap0p0075_rho0p0010_mnhigh_mgain0p50_mcap0p001_blend1p00_out5_250step_mass_neutral_design step=145/250 rho=[1.00289,1.02573] mass_drift=0.0140335 neg_pop=0
[Step120] row=duct_only_48_regularized_plane_flux_controlled_gain0p75_cap0p0075_rho0p0010_mnhigh_mgain0p50_mcap0p001_blend1p00_out5_250step_mass_neutral_design step=150/250 rho=[1.00524,1.02402] mass_drift=0.0131984 neg_pop=0
[Step120] row=duct_only_48_regularized_plane_flux_controlled_gain0p75_cap0p0075_rho0p0010_mnhigh_mgain0p50_mcap0p001_blend1p00_out5_250step_mass_neutral_design step=155/250 rho=[1.00763,1.02226] mass_drift=0.0122428 neg_pop=0
[Step120] row=duct_only_48_regularized_plane_flux_controlled_gain0p75_cap0p0075_rho0p0010_mnhigh_mgain0p50_mcap0p001_blend1p00_out5_250step_mass_neutral_design step=160/250 rho=[1.00894,1.02043] mass_drift=0.0111691 neg_pop=0
[Step120] row=duct_only_48_regularized_plane_flux_controlled_gain0p75_cap0p0075_rho0p0010_mnhigh_mgain0p50_mcap0p001_blend1p00_out5_250step_mass_neutral_design step=165/250 rho=[1.00779,1.01844] mass_drift=0.0100012 neg_pop=0
[Step120] row=duct_only_48_regularized_plane_flux_controlled_gain0p75_cap0p0075_rho0p0010_mnhigh_mgain0p50_mcap0p001_blend1p00_out5_250step_mass_neutral_design step=170/250 rho=[1.00645,1.01573] mass_drift=0.00883989 neg_pop=0
[Step120] row=duct_only_48_regularized_plane_flux_controlled_gain0p75_cap0p0075_rho0p0010_mnhigh_mgain0p50_mcap0p001_blend1p00_out5_250step_mass_neutral_design step=175/250 rho=[1.00501,1.01666] mass_drift=0.00780421 neg_pop=0
[Step120] row=duct_only_48_regularized_plane_flux_controlled_gain0p75_cap0p0075_rho0p0010_mnhigh_mgain0p50_mcap0p001_blend1p00_out5_250step_mass_neutral_design step=180/250 rho=[1.00105,1.01809] mass_drift=0.00689481 neg_pop=0
[Step120] row=duct_only_48_regularized_plane_flux_controlled_gain0p75_cap0p0075_rho0p0010_mnhigh_mgain0p50_mcap0p001_blend1p00_out5_250step_mass_neutral_design step=185/250 rho=[0.997982,1.01906] mass_drift=0.00611072 neg_pop=0
[Step120] row=duct_only_48_regularized_plane_flux_controlled_gain0p75_cap0p0075_rho0p0010_mnhigh_mgain0p50_mcap0p001_blend1p00_out5_250step_mass_neutral_design step=190/250 rho=[0.995598,1.01966] mass_drift=0.00545281 neg_pop=0
[Step120] row=duct_only_48_regularized_plane_flux_controlled_gain0p75_cap0p0075_rho0p0010_mnhigh_mgain0p50_mcap0p001_blend1p00_out5_250step_mass_neutral_design step=195/250 rho=[0.993898,1.0199] mass_drift=0.00490071 neg_pop=0
[Step120] row=duct_only_48_regularized_plane_flux_controlled_gain0p75_cap0p0075_rho0p0010_mnhigh_mgain0p50_mcap0p001_blend1p00_out5_250step_mass_neutral_design step=200/250 rho=[0.992633,1.01989] mass_drift=0.00443506 neg_pop=0
[Step120] row=duct_only_48_regularized_plane_flux_controlled_gain0p75_cap0p0075_rho0p0010_mnhigh_mgain0p50_mcap0p001_blend1p00_out5_250step_mass_neutral_design step=205/250 rho=[0.991733,1.01968] mass_drift=0.00403671 neg_pop=0
[Step120] row=duct_only_48_regularized_plane_flux_controlled_gain0p75_cap0p0075_rho0p0010_mnhigh_mgain0p50_mcap0p001_blend1p00_out5_250step_mass_neutral_design step=210/250 rho=[0.991299,1.01933] mass_drift=0.00369791 neg_pop=0
[Step120] row=duct_only_48_regularized_plane_flux_controlled_gain0p75_cap0p0075_rho0p0010_mnhigh_mgain0p50_mcap0p001_blend1p00_out5_250step_mass_neutral_design step=215/250 rho=[0.99111,1.01888] mass_drift=0.00341893 neg_pop=0
[Step120] row=duct_only_48_regularized_plane_flux_controlled_gain0p75_cap0p0075_rho0p0010_mnhigh_mgain0p50_mcap0p001_blend1p00_out5_250step_mass_neutral_design step=220/250 rho=[0.991106,1.01833] mass_drift=0.00319889 neg_pop=0
[Step120] row=duct_only_48_regularized_plane_flux_controlled_gain0p75_cap0p0075_rho0p0010_mnhigh_mgain0p50_mcap0p001_blend1p00_out5_250step_mass_neutral_design step=225/250 rho=[0.991228,1.01771] mass_drift=0.00303641 neg_pop=0
[Step120] row=duct_only_48_regularized_plane_flux_controlled_gain0p75_cap0p0075_rho0p0010_mnhigh_mgain0p50_mcap0p001_blend1p00_out5_250step_mass_neutral_design step=230/250 rho=[0.991509,1.01702] mass_drift=0.00293049 neg_pop=0
[Step120] row=duct_only_48_regularized_plane_flux_controlled_gain0p75_cap0p0075_rho0p0010_mnhigh_mgain0p50_mcap0p001_blend1p00_out5_250step_mass_neutral_design step=235/250 rho=[0.99186,1.01626] mass_drift=0.00288054 neg_pop=0
[Step120] row=duct_only_48_regularized_plane_flux_controlled_gain0p75_cap0p0075_rho0p0010_mnhigh_mgain0p50_mcap0p001_blend1p00_out5_250step_mass_neutral_design step=240/250 rho=[0.992298,1.01544] mass_drift=0.00288901 neg_pop=0
[Step120] row=duct_only_48_regularized_plane_flux_controlled_gain0p75_cap0p0075_rho0p0010_mnhigh_mgain0p50_mcap0p001_blend1p00_out5_250step_mass_neutral_design step=245/250 rho=[0.992958,1.01454] mass_drift=0.00296996 neg_pop=0
[Step120] row=duct_only_48_regularized_plane_flux_controlled_gain0p75_cap0p0075_rho0p0010_mnhigh_mgain0p50_mcap0p001_blend1p00_out5_250step_mass_neutral_design step=250/250 rho=[0.994389,1.01353] mass_drift=0.00316362 neg_pop=0
[Step120] row=duct_only_48_regularized_plane_flux_controlled_gain0p75_cap0p0075_rho0p0010_mnhigh_mgain0p50_mcap0p001_blend1p00_out5_250step_mass_neutral_design completed runtime_s=40.948
