D:\working\taichi\env\lib\site-packages\taichi\lang\util.py:370: UserWarning: [33m[1mTaichi matrices/vectors with 19x19 > 32 entries are not suggested. Matrices/vectors will be automatically unrolled at compile-time for performance. So the compilation time could be extremely long if the matrix size is too big. You may use a field to store a large matrix like this, e.g.:
    x = ti.field(ti.f32, (19, 19)).
 See https://docs.taichi-lang.org/docs/field#matrix-size for more details.
  File "D:\working\squid robot\LBM\MPM-LBM\baseline_tests\run_step5_projection_moving_block.py", line 120, in <module>
    main()
  File "D:\working\squid robot\LBM\MPM-LBM\baseline_tests\run_step5_projection_moving_block.py", line 52, in main
    lbm = LBMFluid3D(sim.make_lbm_config())
  File "D:\working\squid robot\LBM\MPM-LBM\src\lbm_fluid.py", line 132, in __init__
    self.M[None] = ti.Matrix([[1,1,1,1,1,1,1,1,1,1,1,1,1,1,1,1,1,1,1],
[0m
  warnings.warn(Fore.YELLOW + Style.BRIGHT + msg + Style.RESET_ALL, warning_type)
D:\working\taichi\env\lib\site-packages\taichi\lang\util.py:370: UserWarning: [33m[1mTaichi matrices/vectors with 19x19 > 32 entries are not suggested. Matrices/vectors will be automatically unrolled at compile-time for performance. So the compilation time could be extremely long if the matrix size is too big. You may use a field to store a large matrix like this, e.g.:
    x = ti.field(ti.f32, (19, 19)).
 See https://docs.taichi-lang.org/docs/field#matrix-size for more details.
  File "D:\working\squid robot\LBM\MPM-LBM\baseline_tests\run_step5_projection_moving_block.py", line 120, in <module>
    main()
  File "D:\working\squid robot\LBM\MPM-LBM\baseline_tests\run_step5_projection_moving_block.py", line 52, in main
    lbm = LBMFluid3D(sim.make_lbm_config())
  File "D:\working\squid robot\LBM\MPM-LBM\src\lbm_fluid.py", line 132, in __init__
    self.M[None] = ti.Matrix([[1,1,1,1,1,1,1,1,1,1,1,1,1,1,1,1,1,1,1],
  File "D:\working\taichi\env\lib\site-packages\taichi\lang\util.py", line 351, in wrapped
    return func(*args, **kwargs)
  File "D:\working\taichi\env\lib\site-packages\taichi\lang\matrix.py", line 1358, in __setitem__
    self[key]._set_entries(value)
  File "D:\working\taichi\env\lib\site-packages\taichi\lang\util.py", line 351, in wrapped
    return func(*args, **kwargs)
  File "D:\working\taichi\env\lib\site-packages\taichi\lang\matrix.py", line 1367, in __getitem__
    return Matrix([[_host_access[i * self.m + j] for j in range(self.m)] for i in range(self.n)])
[0m
  warnings.warn(Fore.YELLOW + Style.BRIGHT + msg + Style.RESET_ALL, warning_type)
D:\working\taichi\env\lib\site-packages\taichi\lang\util.py:370: UserWarning: [33m[1mTaichi matrices/vectors with 19x19 > 32 entries are not suggested. Matrices/vectors will be automatically unrolled at compile-time for performance. So the compilation time could be extremely long if the matrix size is too big. You may use a field to store a large matrix like this, e.g.:
    x = ti.field(ti.f32, (19, 19)).
 See https://docs.taichi-lang.org/docs/field#matrix-size for more details.
  File "D:\working\squid robot\LBM\MPM-LBM\baseline_tests\run_step5_projection_moving_block.py", line 120, in <module>
    main()
  File "D:\working\squid robot\LBM\MPM-LBM\baseline_tests\run_step5_projection_moving_block.py", line 52, in main
    lbm = LBMFluid3D(sim.make_lbm_config())
  File "D:\working\squid robot\LBM\MPM-LBM\src\lbm_fluid.py", line 152, in __init__
    self.inv_M[None] = ti.Matrix(inv_M_np)
[0m
  warnings.warn(Fore.YELLOW + Style.BRIGHT + msg + Style.RESET_ALL, warning_type)
D:\working\taichi\env\lib\site-packages\taichi\lang\util.py:370: UserWarning: [33m[1mTaichi matrices/vectors with 19x19 > 32 entries are not suggested. Matrices/vectors will be automatically unrolled at compile-time for performance. So the compilation time could be extremely long if the matrix size is too big. You may use a field to store a large matrix like this, e.g.:
    x = ti.field(ti.f32, (19, 19)).
 See https://docs.taichi-lang.org/docs/field#matrix-size for more details.
  File "D:\working\squid robot\LBM\MPM-LBM\baseline_tests\run_step5_projection_moving_block.py", line 120, in <module>
    main()
  File "D:\working\squid robot\LBM\MPM-LBM\baseline_tests\run_step5_projection_moving_block.py", line 52, in main
    lbm = LBMFluid3D(sim.make_lbm_config())
  File "D:\working\squid robot\LBM\MPM-LBM\src\lbm_fluid.py", line 152, in __init__
    self.inv_M[None] = ti.Matrix(inv_M_np)
  File "D:\working\taichi\env\lib\site-packages\taichi\lang\util.py", line 351, in wrapped
    return func(*args, **kwargs)
  File "D:\working\taichi\env\lib\site-packages\taichi\lang\matrix.py", line 1358, in __setitem__
    self[key]._set_entries(value)
  File "D:\working\taichi\env\lib\site-packages\taichi\lang\util.py", line 351, in wrapped
    return func(*args, **kwargs)
  File "D:\working\taichi\env\lib\site-packages\taichi\lang\matrix.py", line 1367, in __getitem__
    return Matrix([[_host_access[i * self.m + j] for j in range(self.m)] for i in range(self.n)])
[0m
  warnings.warn(Fore.YELLOW + Style.BRIGHT + msg + Style.RESET_ALL, warning_type)
[Taichi] version 1.7.4, llvm 15.0.1, commit b4b956fd, win, python 3.10.18
[Taichi] Starting on arch=cuda
Step 5 moving block velocity projection baseline
target_u_lbm=(0.03, 0.0, 0.0)
target_u_norm=(0.234375, 0.0, 0.0)
vel_scale_norm_to_lbm=1.280000000e-01
projected_mean_solid_vel=[0.03000006452202797, 0.0, 0.0]
velocity_error=[6.452202797047057e-08, 0.0, 0.0]
projected_mass=2.699998394e-02
total_particle_mass=2.700000256e-02
relative_mass_error=6.898685083e-07
active_cell_count=1584
solid_phi_min=0.000000000e+00
solid_phi_max=1.000000000e+00
elapsed=69.55s
cell_force_max_norm=0.000000e+00
hydro_force_max_norm=0.000000e+00
[OK] Step 5 moving block velocity projection baseline finished
