python.exe : D:\working\taichi\env\lib\site-packages\taichi\lang\util.py:370: UserWarning: [33m[1mTaichi matrices/vec
tors with 19x19 > 32 entries are not suggested. Matrices/vectors will be automatically unrolled at compile-time for per
formance. So the compilation time could be extremely long if the matrix size is too big. You may use a field to store a
 large matrix like this, e.g.:
所在位置 行:2 字符: 8
+ $out = & 'D:\working\taichi\env\python.exe' baseline_tests\run_step15 ...
+        ~~~~~~~~~~~~~~~~~~~~~~~~~~~~~~~~~~~~~~~~~~~~~~~~~~~~~~~~~~~~~~
    + CategoryInfo          : NotSpecified: (D:\working\taic...ike this, e.g.::String) [], RemoteException
    + FullyQualifiedErrorId : NativeCommandError

    x = ti.field(ti.f32, (19, 19)).
 See https://docs.taichi-lang.org/docs/field#matrix-size for more details.
  File "D:\working\squid robot\LBM\MPM-LBM\baseline_tests\run_step15_reaction_scale_sweep_box_32.py", line 77, in <modu
le>
    main()
  File "D:\working\squid robot\LBM\MPM-LBM\baseline_tests\run_step15_reaction_scale_sweep_box_32.py", line 43, in main
    result = run_accounted_moving_boundary_case(config, case_dir)
  File "D:\working\squid robot\LBM\MPM-LBM\baseline_tests\step15_common.py", line 163, in run_accounted_moving_boundary
_case
    driver.initialize()
  File "D:\working\squid robot\LBM\MPM-LBM\src\fsi_driver.py", line 80, in initialize
    self.lbm = LBMFluid3D(self.sim.make_lbm_config())
  File "D:\working\squid robot\LBM\MPM-LBM\src\lbm_fluid.py", line 136, in __init__
    self.M[None] = ti.Matrix([[1,1,1,1,1,1,1,1,1,1,1,1,1,1,1,1,1,1,1],
[0m
  warnings.warn(Fore.YELLOW + Style.BRIGHT + msg + Style.RESET_ALL, warning_type)
D:\working\taichi\env\lib\site-packages\taichi\lang\util.py:370: UserWarning: [33m[1mTaichi matrices/vectors with 19x
19 > 32 entries are not suggested. Matrices/vectors will be automatically unrolled at compile-time for performance. So
the compilation time could be extremely long if the matrix size is too big. You may use a field to store a large matrix
 like this, e.g.:
    x = ti.field(ti.f32, (19, 19)).
 See https://docs.taichi-lang.org/docs/field#matrix-size for more details.
  File "D:\working\squid robot\LBM\MPM-LBM\baseline_tests\run_step15_reaction_scale_sweep_box_32.py", line 77, in <modu
le>
    main()
  File "D:\working\squid robot\LBM\MPM-LBM\baseline_tests\run_step15_reaction_scale_sweep_box_32.py", line 43, in main
    result = run_accounted_moving_boundary_case(config, case_dir)
  File "D:\working\squid robot\LBM\MPM-LBM\baseline_tests\step15_common.py", line 163, in run_accounted_moving_boundary
_case
    driver.initialize()
  File "D:\working\squid robot\LBM\MPM-LBM\src\fsi_driver.py", line 80, in initialize
    self.lbm = LBMFluid3D(self.sim.make_lbm_config())
  File "D:\working\squid robot\LBM\MPM-LBM\src\lbm_fluid.py", line 136, in __init__
    self.M[None] = ti.Matrix([[1,1,1,1,1,1,1,1,1,1,1,1,1,1,1,1,1,1,1],
  File "D:\working\taichi\env\lib\site-packages\taichi\lang\util.py", line 351, in wrapped
    return func(*args, **kwargs)
  File "D:\working\taichi\env\lib\site-packages\taichi\lang\matrix.py", line 1358, in __setitem__
    self[key]._set_entries(value)
  File "D:\working\taichi\env\lib\site-packages\taichi\lang\util.py", line 351, in wrapped
    return func(*args, **kwargs)
  File "D:\working\taichi\env\lib\site-packages\taichi\lang\matrix.py", line 1367, in __getitem__
    return Matrix([[_host_access[i * self.m + j] for j in range(self.m)] for i in range(self.n)])
[0m
  warnings.warn(Fore.YELLOW + Style.BRIGHT + msg + Style.RESET_ALL, warning_type)
D:\working\taichi\env\lib\site-packages\taichi\lang\util.py:370: UserWarning: [33m[1mTaichi matrices/vectors with 19x
19 > 32 entries are not suggested. Matrices/vectors will be automatically unrolled at compile-time for performance. So
the compilation time could be extremely long if the matrix size is too big. You may use a field to store a large matrix
 like this, e.g.:
    x = ti.field(ti.f32, (19, 19)).
 See https://docs.taichi-lang.org/docs/field#matrix-size for more details.
  File "D:\working\squid robot\LBM\MPM-LBM\baseline_tests\run_step15_reaction_scale_sweep_box_32.py", line 77, in <modu
le>
    main()
  File "D:\working\squid robot\LBM\MPM-LBM\baseline_tests\run_step15_reaction_scale_sweep_box_32.py", line 43, in main
    result = run_accounted_moving_boundary_case(config, case_dir)
  File "D:\working\squid robot\LBM\MPM-LBM\baseline_tests\step15_common.py", line 163, in run_accounted_moving_boundary
_case
    driver.initialize()
  File "D:\working\squid robot\LBM\MPM-LBM\src\fsi_driver.py", line 80, in initialize
    self.lbm = LBMFluid3D(self.sim.make_lbm_config())
  File "D:\working\squid robot\LBM\MPM-LBM\src\lbm_fluid.py", line 156, in __init__
    self.inv_M[None] = ti.Matrix(inv_M_np)
[0m
  warnings.warn(Fore.YELLOW + Style.BRIGHT + msg + Style.RESET_ALL, warning_type)
D:\working\taichi\env\lib\site-packages\taichi\lang\util.py:370: UserWarning: [33m[1mTaichi matrices/vectors with 19x
19 > 32 entries are not suggested. Matrices/vectors will be automatically unrolled at compile-time for performance. So
the compilation time could be extremely long if the matrix size is too big. You may use a field to store a large matrix
 like this, e.g.:
    x = ti.field(ti.f32, (19, 19)).
 See https://docs.taichi-lang.org/docs/field#matrix-size for more details.
  File "D:\working\squid robot\LBM\MPM-LBM\baseline_tests\run_step15_reaction_scale_sweep_box_32.py", line 77, in <modu
le>
    main()
  File "D:\working\squid robot\LBM\MPM-LBM\baseline_tests\run_step15_reaction_scale_sweep_box_32.py", line 43, in main
    result = run_accounted_moving_boundary_case(config, case_dir)
  File "D:\working\squid robot\LBM\MPM-LBM\baseline_tests\step15_common.py", line 163, in run_accounted_moving_boundary
_case
    driver.initialize()
  File "D:\working\squid robot\LBM\MPM-LBM\src\fsi_driver.py", line 80, in initialize
    self.lbm = LBMFluid3D(self.sim.make_lbm_config())
  File "D:\working\squid robot\LBM\MPM-LBM\src\lbm_fluid.py", line 156, in __init__
    self.inv_M[None] = ti.Matrix(inv_M_np)
  File "D:\working\taichi\env\lib\site-packages\taichi\lang\util.py", line 351, in wrapped
    return func(*args, **kwargs)
  File "D:\working\taichi\env\lib\site-packages\taichi\lang\matrix.py", line 1358, in __setitem__
    self[key]._set_entries(value)
  File "D:\working\taichi\env\lib\site-packages\taichi\lang\util.py", line 351, in wrapped
    return func(*args, **kwargs)
  File "D:\working\taichi\env\lib\site-packages\taichi\lang\matrix.py", line 1367, in __getitem__
    return Matrix([[_host_access[i * self.m + j] for j in range(self.m)] for i in range(self.n)])
[0m
  warnings.warn(Fore.YELLOW + Style.BRIGHT + msg + Style.RESET_ALL, warning_type)
[Taichi] version 1.7.4, llvm 15.0.1, commit b4b956fd, win, python 3.10.18
[Taichi] Starting on arch=cuda
Step 15 reaction_scale sweep box 32
reaction_scale_box_32 reaction_scale=0.25, force_cap_norm=0.0001, stable=True, well_behaved=True, sign_reversed=False, rho_min=9.874573946e-01, rho_max=1.012454271e+00, lbm_max_v=1.473550235e-02, mpm_min_J=9.730791450e-01, mpm_max_speed=1.673599040e-01, solid_slowdown=0.000000000e+00, score=1749.996997
reaction_scale_box_32 reaction_scale=0.5, force_cap_norm=0.0001, stable=True, well_behaved=True, sign_reversed=False, rho_min=9.862855673e-01, rho_max=1.012423873e+00, lbm_max_v=1.531172414e-02, mpm_min_J=9.723360538e-01, mpm_max_speed=1.784056453e-01, solid_slowdown=0.000000000e+00, score=1738.584103
reaction_scale_box_32 reaction_scale=1, force_cap_norm=0.0001, stable=True, well_behaved=True, sign_reversed=False, rho_min=9.863869548e-01, rho_max=1.012896776e+00, lbm_max_v=1.514067571e-02, mpm_min_J=9.716306925e-01, mpm_max_speed=1.830243029e-01, solid_slowdown=0.000000000e+00, score=1734.873483
reaction_scale_box_32 reaction_scale=2, force_cap_norm=0.0001, stable=True, well_behaved=True, sign_reversed=False, rho_min=9.863041043e-01, rho_max=1.012852550e+00, lbm_max_v=1.506743722e-02, mpm_min_J=9.705917835e-01, mpm_max_speed=1.775347306e-01, solid_slowdown=0.000000000e+00, score=1734.477794
recommended_reaction_scale=0.25
csv=D:\working\squid robot\LBM\MPM-LBM\outputs\step15_reaction_scale_sweep_box_32\reaction_scale_sweep.csv
npz=D:\working\squid robot\LBM\MPM-LBM\outputs\step15_reaction_scale_sweep_box_32\reaction_scale_sweep.npz
elapsed=656.89s
[OK] Step 15 reaction scale sweep box 32 finished
