D:\working\taichi\env\lib\site-packages\taichi\lang\util.py:370: UserWarning: [33m[1mTaichi matrices/vectors with 19x19 > 32 entries are not suggested. Matrices/vectors will be automatically unrolled at compile-time for performance. So the compilation time could be extremely long if the matrix size is too big. You may use a field to store a large matrix like this, e.g.:
    x = ti.field(ti.f32, (19, 19)).
 See https://docs.taichi-lang.org/docs/field#matrix-size for more details.
  File "D:\working\squid robot\LBM\MPM-LBM\baseline_tests\run_lbm_refactored_poiseuille.py", line 156, in <module>
    main()
  File "D:\working\squid robot\LBM\MPM-LBM\baseline_tests\run_lbm_refactored_poiseuille.py", line 102, in main
    lbm = LBMFluid3D(config)
  File "D:\working\squid robot\LBM\MPM-LBM\src\lbm_fluid.py", line 132, in __init__
    self.M[None] = ti.Matrix([[1,1,1,1,1,1,1,1,1,1,1,1,1,1,1,1,1,1,1],
[0m
  warnings.warn(Fore.YELLOW + Style.BRIGHT + msg + Style.RESET_ALL, warning_type)
D:\working\taichi\env\lib\site-packages\taichi\lang\util.py:370: UserWarning: [33m[1mTaichi matrices/vectors with 19x19 > 32 entries are not suggested. Matrices/vectors will be automatically unrolled at compile-time for performance. So the compilation time could be extremely long if the matrix size is too big. You may use a field to store a large matrix like this, e.g.:
    x = ti.field(ti.f32, (19, 19)).
 See https://docs.taichi-lang.org/docs/field#matrix-size for more details.
  File "D:\working\squid robot\LBM\MPM-LBM\baseline_tests\run_lbm_refactored_poiseuille.py", line 156, in <module>
    main()
  File "D:\working\squid robot\LBM\MPM-LBM\baseline_tests\run_lbm_refactored_poiseuille.py", line 102, in main
    lbm = LBMFluid3D(config)
  File "D:\working\squid robot\LBM\MPM-LBM\src\lbm_fluid.py", line 132, in __init__
    self.M[None] = ti.Matrix([[1,1,1,1,1,1,1,1,1,1,1,1,1,1,1,1,1,1,1],
  File "D:\working\taichi\env\lib\site-packages\taichi\lang\util.py", line 351, in wrapped
    return func(*args, **kwargs)
  File "D:\working\taichi\env\lib\site-packages\taichi\lang\matrix.py", line 1358, in __setitem__
    self[key]._set_entries(value)
  File "D:\working\taichi\env\lib\site-packages\taichi\lang\util.py", line 351, in wrapped
    return func(*args, **kwargs)
  File "D:\working\taichi\env\lib\site-packages\taichi\lang\matrix.py", line 1367, in __getitem__
    return Matrix([[_host_access[i * self.m + j] for j in range(self.m)] for i in range(self.n)])
[0m
  warnings.warn(Fore.YELLOW + Style.BRIGHT + msg + Style.RESET_ALL, warning_type)
D:\working\taichi\env\lib\site-packages\taichi\lang\util.py:370: UserWarning: [33m[1mTaichi matrices/vectors with 19x19 > 32 entries are not suggested. Matrices/vectors will be automatically unrolled at compile-time for performance. So the compilation time could be extremely long if the matrix size is too big. You may use a field to store a large matrix like this, e.g.:
    x = ti.field(ti.f32, (19, 19)).
 See https://docs.taichi-lang.org/docs/field#matrix-size for more details.
  File "D:\working\squid robot\LBM\MPM-LBM\baseline_tests\run_lbm_refactored_poiseuille.py", line 156, in <module>
    main()
  File "D:\working\squid robot\LBM\MPM-LBM\baseline_tests\run_lbm_refactored_poiseuille.py", line 102, in main
    lbm = LBMFluid3D(config)
  File "D:\working\squid robot\LBM\MPM-LBM\src\lbm_fluid.py", line 152, in __init__
    self.inv_M[None] = ti.Matrix(inv_M_np)
[0m
  warnings.warn(Fore.YELLOW + Style.BRIGHT + msg + Style.RESET_ALL, warning_type)
D:\working\taichi\env\lib\site-packages\taichi\lang\util.py:370: UserWarning: [33m[1mTaichi matrices/vectors with 19x19 > 32 entries are not suggested. Matrices/vectors will be automatically unrolled at compile-time for performance. So the compilation time could be extremely long if the matrix size is too big. You may use a field to store a large matrix like this, e.g.:
    x = ti.field(ti.f32, (19, 19)).
 See https://docs.taichi-lang.org/docs/field#matrix-size for more details.
  File "D:\working\squid robot\LBM\MPM-LBM\baseline_tests\run_lbm_refactored_poiseuille.py", line 156, in <module>
    main()
  File "D:\working\squid robot\LBM\MPM-LBM\baseline_tests\run_lbm_refactored_poiseuille.py", line 102, in main
    lbm = LBMFluid3D(config)
  File "D:\working\squid robot\LBM\MPM-LBM\src\lbm_fluid.py", line 152, in __init__
    self.inv_M[None] = ti.Matrix(inv_M_np)
  File "D:\working\taichi\env\lib\site-packages\taichi\lang\util.py", line 351, in wrapped
    return func(*args, **kwargs)
  File "D:\working\taichi\env\lib\site-packages\taichi\lang\matrix.py", line 1358, in __setitem__
    self[key]._set_entries(value)
  File "D:\working\taichi\env\lib\site-packages\taichi\lang\util.py", line 351, in wrapped
    return func(*args, **kwargs)
  File "D:\working\taichi\env\lib\site-packages\taichi\lang\matrix.py", line 1367, in __getitem__
    return Matrix([[_host_access[i * self.m + j] for j in range(self.m)] for i in range(self.n)])
[0m
  warnings.warn(Fore.YELLOW + Style.BRIGHT + msg + Style.RESET_ALL, warning_type)
[Taichi] version 1.7.4, llvm 15.0.1, commit b4b956fd, win, python 3.10.18
[Taichi] Starting on arch=cuda
iter=0000, max_v=0.000000e+00, rho_min=1.000000e+00, rho_max=1.000100e+00, mean_ux=0.000000e+00, center_ux=0.000000e+00, near_wall_ux=0.000000e+00, elapsed=11.04s
iter=0200, max_v=2.085491e-05, rho_min=1.000000e+00, rho_max=1.000100e+00, mean_ux=1.494810e-05, center_ux=1.716254e-05, near_wall_ux=4.747544e-06, elapsed=11.35s
iter=0400, max_v=2.176856e-05, rho_min=1.000000e+00, rho_max=1.000100e+00, mean_ux=1.498695e-05, center_ux=1.821639e-05, near_wall_ux=4.174062e-06, elapsed=11.48s
iter=0600, max_v=2.317599e-05, rho_min=1.000000e+00, rho_max=1.000100e+00, mean_ux=1.499046e-05, center_ux=1.904714e-05, near_wall_ux=3.945976e-06, elapsed=11.63s
iter=0800, max_v=2.457513e-05, rho_min=1.000000e+00, rho_max=1.000100e+00, mean_ux=1.499101e-05, center_ux=1.977365e-05, near_wall_ux=3.824374e-06, elapsed=11.77s
iter=1000, max_v=2.576960e-05, rho_min=1.000000e+00, rho_max=1.000100e+00, mean_ux=1.500001e-05, center_ux=2.041414e-05, near_wall_ux=3.752902e-06, elapsed=11.90s
[OK] Step 2 refactored Poiseuille baseline finished. max_v_min=0.000000e+00, max_v_max=2.576960e-05, final_max_v=2.576960e-05, rho_min=1.000000e+00, rho_max=1.000100e+00, mean_ux=1.500001e-05, center_ux=2.041414e-05, near_wall_ux=3.752902e-06, force_norm_max=0.000000e+00, vtk=D:\working\squid robot\LBM\MPM-LBM\outputs\lbm_refactored_poiseuille\LBMFluid_1000.vtr
