D:\working\taichi\env\lib\site-packages\taichi\lang\util.py:370: UserWarning: [33m[1mTaichi matrices/vectors with 19x19 > 32 entries are not suggested. Matrices/vectors will be automatically unrolled at compile-time for performance. So the compilation time could be extremely long if the matrix size is too big. You may use a field to store a large matrix like this, e.g.:
    x = ti.field(ti.f32, (19, 19)).
 See https://docs.taichi-lang.org/docs/field#matrix-size for more details.
  File "D:\working\squid robot\LBM\MPM-LBM\baseline_tests\run_step5_projection_after_mpm_motion.py", line 136, in <module>
    main()
  File "D:\working\squid robot\LBM\MPM-LBM\baseline_tests\run_step5_projection_after_mpm_motion.py", line 79, in main
    lbm = LBMFluid3D(sim.make_lbm_config())
  File "D:\working\squid robot\LBM\MPM-LBM\src\lbm_fluid.py", line 132, in __init__
    self.M[None] = ti.Matrix([[1,1,1,1,1,1,1,1,1,1,1,1,1,1,1,1,1,1,1],
[0m
  warnings.warn(Fore.YELLOW + Style.BRIGHT + msg + Style.RESET_ALL, warning_type)
D:\working\taichi\env\lib\site-packages\taichi\lang\util.py:370: UserWarning: [33m[1mTaichi matrices/vectors with 19x19 > 32 entries are not suggested. Matrices/vectors will be automatically unrolled at compile-time for performance. So the compilation time could be extremely long if the matrix size is too big. You may use a field to store a large matrix like this, e.g.:
    x = ti.field(ti.f32, (19, 19)).
 See https://docs.taichi-lang.org/docs/field#matrix-size for more details.
  File "D:\working\squid robot\LBM\MPM-LBM\baseline_tests\run_step5_projection_after_mpm_motion.py", line 136, in <module>
    main()
  File "D:\working\squid robot\LBM\MPM-LBM\baseline_tests\run_step5_projection_after_mpm_motion.py", line 79, in main
    lbm = LBMFluid3D(sim.make_lbm_config())
  File "D:\working\squid robot\LBM\MPM-LBM\src\lbm_fluid.py", line 132, in __init__
    self.M[None] = ti.Matrix([[1,1,1,1,1,1,1,1,1,1,1,1,1,1,1,1,1,1,1],
  File "D:\working\taichi\env\lib\site-packages\taichi\lang\util.py", line 351, in wrapped
    return func(*args, **kwargs)
  File "D:\working\taichi\env\lib\site-packages\taichi\lang\matrix.py", line 1358, in __setitem__
    self[key]._set_entries(value)
  File "D:\working\taichi\env\lib\site-packages\taichi\lang\util.py", line 351, in wrapped
    return func(*args, **kwargs)
  File "D:\working\taichi\env\lib\site-packages\taichi\lang\matrix.py", line 1367, in __getitem__
    return Matrix([[_host_access[i * self.m + j] for j in range(self.m)] for i in range(self.n)])
[0m
  warnings.warn(Fore.YELLOW + Style.BRIGHT + msg + Style.RESET_ALL, warning_type)
D:\working\taichi\env\lib\site-packages\taichi\lang\util.py:370: UserWarning: [33m[1mTaichi matrices/vectors with 19x19 > 32 entries are not suggested. Matrices/vectors will be automatically unrolled at compile-time for performance. So the compilation time could be extremely long if the matrix size is too big. You may use a field to store a large matrix like this, e.g.:
    x = ti.field(ti.f32, (19, 19)).
 See https://docs.taichi-lang.org/docs/field#matrix-size for more details.
  File "D:\working\squid robot\LBM\MPM-LBM\baseline_tests\run_step5_projection_after_mpm_motion.py", line 136, in <module>
    main()
  File "D:\working\squid robot\LBM\MPM-LBM\baseline_tests\run_step5_projection_after_mpm_motion.py", line 79, in main
    lbm = LBMFluid3D(sim.make_lbm_config())
  File "D:\working\squid robot\LBM\MPM-LBM\src\lbm_fluid.py", line 152, in __init__
    self.inv_M[None] = ti.Matrix(inv_M_np)
[0m
  warnings.warn(Fore.YELLOW + Style.BRIGHT + msg + Style.RESET_ALL, warning_type)
D:\working\taichi\env\lib\site-packages\taichi\lang\util.py:370: UserWarning: [33m[1mTaichi matrices/vectors with 19x19 > 32 entries are not suggested. Matrices/vectors will be automatically unrolled at compile-time for performance. So the compilation time could be extremely long if the matrix size is too big. You may use a field to store a large matrix like this, e.g.:
    x = ti.field(ti.f32, (19, 19)).
 See https://docs.taichi-lang.org/docs/field#matrix-size for more details.
  File "D:\working\squid robot\LBM\MPM-LBM\baseline_tests\run_step5_projection_after_mpm_motion.py", line 136, in <module>
    main()
  File "D:\working\squid robot\LBM\MPM-LBM\baseline_tests\run_step5_projection_after_mpm_motion.py", line 79, in main
    lbm = LBMFluid3D(sim.make_lbm_config())
  File "D:\working\squid robot\LBM\MPM-LBM\src\lbm_fluid.py", line 152, in __init__
    self.inv_M[None] = ti.Matrix(inv_M_np)
  File "D:\working\taichi\env\lib\site-packages\taichi\lang\util.py", line 351, in wrapped
    return func(*args, **kwargs)
  File "D:\working\taichi\env\lib\site-packages\taichi\lang\matrix.py", line 1358, in __setitem__
    self[key]._set_entries(value)
  File "D:\working\taichi\env\lib\site-packages\taichi\lang\util.py", line 351, in wrapped
    return func(*args, **kwargs)
  File "D:\working\taichi\env\lib\site-packages\taichi\lang\matrix.py", line 1367, in __getitem__
    return Matrix([[_host_access[i * self.m + j] for j in range(self.m)] for i in range(self.n)])
[0m
  warnings.warn(Fore.YELLOW + Style.BRIGHT + msg + Style.RESET_ALL, warning_type)
[Taichi] version 1.7.4, llvm 15.0.1, commit b4b956fd, win, python 3.10.18
[Taichi] Starting on arch=cuda
Step 5 projection after MPM motion baseline
target_u_lbm=(0.02, 0.0, 0.0)
target_u_norm=(0.15625, 0.0, 0.0)
mpm_substeps=50
center_x_initial=4.000000358e-01
center_x_final=4.031250775e-01
index_min_initial=[8, 11, 8]
index_max_initial=[17, 20, 17]
index_min_final=[8, 11, 8]
index_max_final=[17, 20, 17]
active_cell_count_initial=1584
active_cell_count_final=1584
relative_mass_error_initial=9.658159116e-07
relative_mass_error_final=6.898685083e-08
elapsed=88.84s
cell_force_max_norm=0.000000e+00
hydro_force_max_norm=0.000000e+00
[OK] Step 5 projection after MPM motion baseline finished
