D:\working\taichi\env\lib\site-packages\taichi\lang\util.py:370: UserWarning: [33m[1mTaichi matrices/vectors with 19x19 > 32 entries are not suggested. Matrices/vectors will be automatically unrolled at compile-time for performance. So the compilation time could be extremely long if the matrix size is too big. You may use a field to store a large matrix like this, e.g.:
    x = ti.field(ti.f32, (19, 19)).
 See https://docs.taichi-lang.org/docs/field#matrix-size for more details.
  File "D:\working\squid robot\LBM\MPM-LBM\baseline_tests\run_step7_momentum_impulse_diagnostics.py", line 217, in <module>
    main()
  File "D:\working\squid robot\LBM\MPM-LBM\baseline_tests\run_step7_momentum_impulse_diagnostics.py", line 66, in main
    lbm = LBMFluid3D(sim.make_lbm_config())
  File "D:\working\squid robot\LBM\MPM-LBM\src\lbm_fluid.py", line 132, in __init__
    self.M[None] = ti.Matrix([[1,1,1,1,1,1,1,1,1,1,1,1,1,1,1,1,1,1,1],
[0m
  warnings.warn(Fore.YELLOW + Style.BRIGHT + msg + Style.RESET_ALL, warning_type)
D:\working\taichi\env\lib\site-packages\taichi\lang\util.py:370: UserWarning: [33m[1mTaichi matrices/vectors with 19x19 > 32 entries are not suggested. Matrices/vectors will be automatically unrolled at compile-time for performance. So the compilation time could be extremely long if the matrix size is too big. You may use a field to store a large matrix like this, e.g.:
    x = ti.field(ti.f32, (19, 19)).
 See https://docs.taichi-lang.org/docs/field#matrix-size for more details.
  File "D:\working\squid robot\LBM\MPM-LBM\baseline_tests\run_step7_momentum_impulse_diagnostics.py", line 217, in <module>
    main()
  File "D:\working\squid robot\LBM\MPM-LBM\baseline_tests\run_step7_momentum_impulse_diagnostics.py", line 66, in main
    lbm = LBMFluid3D(sim.make_lbm_config())
  File "D:\working\squid robot\LBM\MPM-LBM\src\lbm_fluid.py", line 132, in __init__
    self.M[None] = ti.Matrix([[1,1,1,1,1,1,1,1,1,1,1,1,1,1,1,1,1,1,1],
  File "D:\working\taichi\env\lib\site-packages\taichi\lang\util.py", line 351, in wrapped
    return func(*args, **kwargs)
  File "D:\working\taichi\env\lib\site-packages\taichi\lang\matrix.py", line 1358, in __setitem__
    self[key]._set_entries(value)
  File "D:\working\taichi\env\lib\site-packages\taichi\lang\util.py", line 351, in wrapped
    return func(*args, **kwargs)
  File "D:\working\taichi\env\lib\site-packages\taichi\lang\matrix.py", line 1367, in __getitem__
    return Matrix([[_host_access[i * self.m + j] for j in range(self.m)] for i in range(self.n)])
[0m
  warnings.warn(Fore.YELLOW + Style.BRIGHT + msg + Style.RESET_ALL, warning_type)
D:\working\taichi\env\lib\site-packages\taichi\lang\util.py:370: UserWarning: [33m[1mTaichi matrices/vectors with 19x19 > 32 entries are not suggested. Matrices/vectors will be automatically unrolled at compile-time for performance. So the compilation time could be extremely long if the matrix size is too big. You may use a field to store a large matrix like this, e.g.:
    x = ti.field(ti.f32, (19, 19)).
 See https://docs.taichi-lang.org/docs/field#matrix-size for more details.
  File "D:\working\squid robot\LBM\MPM-LBM\baseline_tests\run_step7_momentum_impulse_diagnostics.py", line 217, in <module>
    main()
  File "D:\working\squid robot\LBM\MPM-LBM\baseline_tests\run_step7_momentum_impulse_diagnostics.py", line 66, in main
    lbm = LBMFluid3D(sim.make_lbm_config())
  File "D:\working\squid robot\LBM\MPM-LBM\src\lbm_fluid.py", line 152, in __init__
    self.inv_M[None] = ti.Matrix(inv_M_np)
[0m
  warnings.warn(Fore.YELLOW + Style.BRIGHT + msg + Style.RESET_ALL, warning_type)
D:\working\taichi\env\lib\site-packages\taichi\lang\util.py:370: UserWarning: [33m[1mTaichi matrices/vectors with 19x19 > 32 entries are not suggested. Matrices/vectors will be automatically unrolled at compile-time for performance. So the compilation time could be extremely long if the matrix size is too big. You may use a field to store a large matrix like this, e.g.:
    x = ti.field(ti.f32, (19, 19)).
 See https://docs.taichi-lang.org/docs/field#matrix-size for more details.
  File "D:\working\squid robot\LBM\MPM-LBM\baseline_tests\run_step7_momentum_impulse_diagnostics.py", line 217, in <module>
    main()
  File "D:\working\squid robot\LBM\MPM-LBM\baseline_tests\run_step7_momentum_impulse_diagnostics.py", line 66, in main
    lbm = LBMFluid3D(sim.make_lbm_config())
  File "D:\working\squid robot\LBM\MPM-LBM\src\lbm_fluid.py", line 152, in __init__
    self.inv_M[None] = ti.Matrix(inv_M_np)
  File "D:\working\taichi\env\lib\site-packages\taichi\lang\util.py", line 351, in wrapped
    return func(*args, **kwargs)
  File "D:\working\taichi\env\lib\site-packages\taichi\lang\matrix.py", line 1358, in __setitem__
    self[key]._set_entries(value)
  File "D:\working\taichi\env\lib\site-packages\taichi\lang\util.py", line 351, in wrapped
    return func(*args, **kwargs)
  File "D:\working\taichi\env\lib\site-packages\taichi\lang\matrix.py", line 1367, in __getitem__
    return Matrix([[_host_access[i * self.m + j] for j in range(self.m)] for i in range(self.n)])
[0m
  warnings.warn(Fore.YELLOW + Style.BRIGHT + msg + Style.RESET_ALL, warning_type)
[Taichi] version 1.7.4, llvm 15.0.1, commit b4b956fd, win, python 3.10.18
[Taichi] Starting on arch=cuda
Step 7 momentum impulse diagnostics
n_grid=32
n_lbm_steps=100
mpm_substeps_per_lbm_step=10
target_u_lbm=(0.03, 0.0, 0.0)
target_u_norm=(0.234375, 0.0, 0.0)
initial_fluid_mean_ux=0.000000000e+00
initial_solid_mean_vx_norm=2.343865037e-01
lbm_step=0020, net_cell_force_x=2.603139145e-02, net_hydro_force_x=-2.603139145e-02, force_balance_error=0.000000000e+00, fluid_mean_ux=2.178408295e-06, solid_mean_vx_norm=2.304775417e-01, elapsed=66.74s
lbm_step=0040, net_cell_force_x=2.557059316e-02, net_hydro_force_x=-2.557059316e-02, force_balance_error=0.000000000e+00, fluid_mean_ux=3.923972599e-06, solid_mean_vx_norm=2.266449779e-01, elapsed=67.41s
lbm_step=0060, net_cell_force_x=2.510951205e-02, net_hydro_force_x=-2.510951205e-02, force_balance_error=0.000000000e+00, fluid_mean_ux=5.638562470e-06, solid_mean_vx_norm=2.228924632e-01, elapsed=68.07s
lbm_step=0080, net_cell_force_x=2.467572637e-02, net_hydro_force_x=-2.467572637e-02, force_balance_error=0.000000000e+00, fluid_mean_ux=7.323393220e-06, solid_mean_vx_norm=2.191939950e-01, elapsed=68.71s
lbm_step=0100, net_cell_force_x=2.424488015e-02, net_hydro_force_x=-2.424488015e-02, force_balance_error=0.000000000e+00, fluid_mean_ux=8.978327969e-06, solid_mean_vx_norm=2.155670971e-01, elapsed=69.40s
max_force_balance_error=0.000000000e+00
mean_force_balance_error=0.000000000e+00
cumulative_cell_impulse_x=2.534365149e+00
cumulative_hydro_impulse_x=-2.534365149e+00
final_fluid_mean_ux=8.978327969e-06
final_solid_mean_vx_norm=2.155670971e-01
rho_min=9.999854565e-01
rho_max=1.000018001e+00
lbm_max_v=2.276640007e-04
mpm_min_J=9.999896288e-01
mpm_max_speed=2.156339735e-01
[OK] Step 7 momentum impulse diagnostics finished
