D:\working\taichi\env\lib\site-packages\taichi\lang\util.py:370: UserWarning: [33m[1mTaichi matrices/vectors with 19x19 > 32 entries are not suggested. Matrices/vectors will be automatically unrolled at compile-time for performance. So the compilation time could be extremely long if the matrix size is too big. You may use a field to store a large matrix like this, e.g.:
    x = ti.field(ti.f32, (19, 19)).
 See https://docs.taichi-lang.org/docs/field#matrix-size for more details.
  File "D:\working\squid robot\LBM\MPM-LBM\baseline_tests\run_lbm_refactored_dynamic_solid_dummy.py", line 109, in <module>
    main()
  File "D:\working\squid robot\LBM\MPM-LBM\baseline_tests\run_lbm_refactored_dynamic_solid_dummy.py", line 38, in main
    lbm = LBMFluid3D(LBMConfig(nx=nx, ny=ny, nz=nz, niu=0.1))
  File "D:\working\squid robot\LBM\MPM-LBM\src\lbm_fluid.py", line 132, in __init__
    self.M[None] = ti.Matrix([[1,1,1,1,1,1,1,1,1,1,1,1,1,1,1,1,1,1,1],
[0m
  warnings.warn(Fore.YELLOW + Style.BRIGHT + msg + Style.RESET_ALL, warning_type)
D:\working\taichi\env\lib\site-packages\taichi\lang\util.py:370: UserWarning: [33m[1mTaichi matrices/vectors with 19x19 > 32 entries are not suggested. Matrices/vectors will be automatically unrolled at compile-time for performance. So the compilation time could be extremely long if the matrix size is too big. You may use a field to store a large matrix like this, e.g.:
    x = ti.field(ti.f32, (19, 19)).
 See https://docs.taichi-lang.org/docs/field#matrix-size for more details.
  File "D:\working\squid robot\LBM\MPM-LBM\baseline_tests\run_lbm_refactored_dynamic_solid_dummy.py", line 109, in <module>
    main()
  File "D:\working\squid robot\LBM\MPM-LBM\baseline_tests\run_lbm_refactored_dynamic_solid_dummy.py", line 38, in main
    lbm = LBMFluid3D(LBMConfig(nx=nx, ny=ny, nz=nz, niu=0.1))
  File "D:\working\squid robot\LBM\MPM-LBM\src\lbm_fluid.py", line 132, in __init__
    self.M[None] = ti.Matrix([[1,1,1,1,1,1,1,1,1,1,1,1,1,1,1,1,1,1,1],
  File "D:\working\taichi\env\lib\site-packages\taichi\lang\util.py", line 351, in wrapped
    return func(*args, **kwargs)
  File "D:\working\taichi\env\lib\site-packages\taichi\lang\matrix.py", line 1358, in __setitem__
    self[key]._set_entries(value)
  File "D:\working\taichi\env\lib\site-packages\taichi\lang\util.py", line 351, in wrapped
    return func(*args, **kwargs)
  File "D:\working\taichi\env\lib\site-packages\taichi\lang\matrix.py", line 1367, in __getitem__
    return Matrix([[_host_access[i * self.m + j] for j in range(self.m)] for i in range(self.n)])
[0m
  warnings.warn(Fore.YELLOW + Style.BRIGHT + msg + Style.RESET_ALL, warning_type)
D:\working\taichi\env\lib\site-packages\taichi\lang\util.py:370: UserWarning: [33m[1mTaichi matrices/vectors with 19x19 > 32 entries are not suggested. Matrices/vectors will be automatically unrolled at compile-time for performance. So the compilation time could be extremely long if the matrix size is too big. You may use a field to store a large matrix like this, e.g.:
    x = ti.field(ti.f32, (19, 19)).
 See https://docs.taichi-lang.org/docs/field#matrix-size for more details.
  File "D:\working\squid robot\LBM\MPM-LBM\baseline_tests\run_lbm_refactored_dynamic_solid_dummy.py", line 109, in <module>
    main()
  File "D:\working\squid robot\LBM\MPM-LBM\baseline_tests\run_lbm_refactored_dynamic_solid_dummy.py", line 38, in main
    lbm = LBMFluid3D(LBMConfig(nx=nx, ny=ny, nz=nz, niu=0.1))
  File "D:\working\squid robot\LBM\MPM-LBM\src\lbm_fluid.py", line 152, in __init__
    self.inv_M[None] = ti.Matrix(inv_M_np)
[0m
  warnings.warn(Fore.YELLOW + Style.BRIGHT + msg + Style.RESET_ALL, warning_type)
D:\working\taichi\env\lib\site-packages\taichi\lang\util.py:370: UserWarning: [33m[1mTaichi matrices/vectors with 19x19 > 32 entries are not suggested. Matrices/vectors will be automatically unrolled at compile-time for performance. So the compilation time could be extremely long if the matrix size is too big. You may use a field to store a large matrix like this, e.g.:
    x = ti.field(ti.f32, (19, 19)).
 See https://docs.taichi-lang.org/docs/field#matrix-size for more details.
  File "D:\working\squid robot\LBM\MPM-LBM\baseline_tests\run_lbm_refactored_dynamic_solid_dummy.py", line 109, in <module>
    main()
  File "D:\working\squid robot\LBM\MPM-LBM\baseline_tests\run_lbm_refactored_dynamic_solid_dummy.py", line 38, in main
    lbm = LBMFluid3D(LBMConfig(nx=nx, ny=ny, nz=nz, niu=0.1))
  File "D:\working\squid robot\LBM\MPM-LBM\src\lbm_fluid.py", line 152, in __init__
    self.inv_M[None] = ti.Matrix(inv_M_np)
  File "D:\working\taichi\env\lib\site-packages\taichi\lang\util.py", line 351, in wrapped
    return func(*args, **kwargs)
  File "D:\working\taichi\env\lib\site-packages\taichi\lang\matrix.py", line 1358, in __setitem__
    self[key]._set_entries(value)
  File "D:\working\taichi\env\lib\site-packages\taichi\lang\util.py", line 351, in wrapped
    return func(*args, **kwargs)
  File "D:\working\taichi\env\lib\site-packages\taichi\lang\matrix.py", line 1367, in __getitem__
    return Matrix([[_host_access[i * self.m + j] for j in range(self.m)] for i in range(self.n)])
[0m
  warnings.warn(Fore.YELLOW + Style.BRIGHT + msg + Style.RESET_ALL, warning_type)
[W 06/18/26 15:11:24.728 44260] TaichiWarning
While compiling `update_dynamic_solid_c98_0`, File "D:\working\squid robot\LBM\MPM-LBM\src\lbm_fluid.py", line 472, in update_dynamic_solid:
            self.solid[I] = new_solid
            ^^^^^^^^^^^^^^^^^^^^^^^^^
Assign may lose precision: i8 <- i32
[W 06/18/26 15:11:24.728 44260] TaichiWarning
While compiling `update_dynamic_solid_c98_0`, File "D:\working\squid robot\LBM\MPM-LBM\src\lbm_fluid.py", line 473, in update_dynamic_solid:
            self.reinit_flag[I] = 0
            ^^^^^^^^^^^^^^^^^^^^^^^
Assign may lose precision: i8 <- i32
[W 06/18/26 15:11:24.728 44260] TaichiWarning
While compiling `update_dynamic_solid_c98_0`, File "D:\working\squid robot\LBM\MPM-LBM\src\lbm_fluid.py", line 475, in update_dynamic_solid:
                self.reinit_flag[I] = 1
                ^^^^^^^^^^^^^^^^^^^^^^^
Assign may lose precision: i8 <- i32
[W 06/18/26 15:11:26.210 44260] TaichiWarning
While compiling `reinitialize_new_fluid_cells_c100_0`, File "D:\working\squid robot\LBM\MPM-LBM\src\lbm_fluid.py", line 491, in reinitialize_new_fluid_cells:
                self.reinit_flag[I] = 0
                ^^^^^^^^^^^^^^^^^^^^^^^
Assign may lose precision: i8 <- i32
[Taichi] version 1.7.4, llvm 15.0.1, commit b4b956fd, win, python 3.10.18
[Taichi] Starting on arch=cuda
[OK] Step 2 dynamic-solid dummy baseline finished. solid_on_count=512, phi_on_count=512, reinit_count=512, solid_off_count=0, phi_off_count=0, rho_min=1.000000e+00, rho_max=1.000000e+00, on_vtk=D:\working\squid robot\LBM\MPM-LBM\outputs\lbm_refactored_dynamic_solid\LBMFluid_dynamic_on_0.vtr, off_vtk=D:\working\squid robot\LBM\MPM-LBM\outputs\lbm_refactored_dynamic_solid\LBMFluid_dynamic_off_1.vtr
