D:\working\taichi\env\lib\site-packages\taichi\lang\util.py:370: UserWarning: [33m[1mTaichi matrices/vectors with 19x19 > 32 entries are not suggested. Matrices/vectors will be automatically unrolled at compile-time for performance. So the compilation time could be extremely long if the matrix size is too big. You may use a field to store a large matrix like this, e.g.:
    x = ti.field(ti.f32, (19, 19)).
 See https://docs.taichi-lang.org/docs/field#matrix-size for more details.
  File "D:\working\squid robot\LBM\MPM-LBM\baseline_tests\run_step6_lbm_response_to_moving_solid.py", line 143, in <module>
    main()
  File "D:\working\squid robot\LBM\MPM-LBM\baseline_tests\run_step6_lbm_response_to_moving_solid.py", line 66, in main
    lbm = LBMFluid3D(sim.make_lbm_config())
  File "D:\working\squid robot\LBM\MPM-LBM\src\lbm_fluid.py", line 132, in __init__
    self.M[None] = ti.Matrix([[1,1,1,1,1,1,1,1,1,1,1,1,1,1,1,1,1,1,1],
[0m
  warnings.warn(Fore.YELLOW + Style.BRIGHT + msg + Style.RESET_ALL, warning_type)
D:\working\taichi\env\lib\site-packages\taichi\lang\util.py:370: UserWarning: [33m[1mTaichi matrices/vectors with 19x19 > 32 entries are not suggested. Matrices/vectors will be automatically unrolled at compile-time for performance. So the compilation time could be extremely long if the matrix size is too big. You may use a field to store a large matrix like this, e.g.:
    x = ti.field(ti.f32, (19, 19)).
 See https://docs.taichi-lang.org/docs/field#matrix-size for more details.
  File "D:\working\squid robot\LBM\MPM-LBM\baseline_tests\run_step6_lbm_response_to_moving_solid.py", line 143, in <module>
    main()
  File "D:\working\squid robot\LBM\MPM-LBM\baseline_tests\run_step6_lbm_response_to_moving_solid.py", line 66, in main
    lbm = LBMFluid3D(sim.make_lbm_config())
  File "D:\working\squid robot\LBM\MPM-LBM\src\lbm_fluid.py", line 132, in __init__
    self.M[None] = ti.Matrix([[1,1,1,1,1,1,1,1,1,1,1,1,1,1,1,1,1,1,1],
  File "D:\working\taichi\env\lib\site-packages\taichi\lang\util.py", line 351, in wrapped
    return func(*args, **kwargs)
  File "D:\working\taichi\env\lib\site-packages\taichi\lang\matrix.py", line 1358, in __setitem__
    self[key]._set_entries(value)
  File "D:\working\taichi\env\lib\site-packages\taichi\lang\util.py", line 351, in wrapped
    return func(*args, **kwargs)
  File "D:\working\taichi\env\lib\site-packages\taichi\lang\matrix.py", line 1367, in __getitem__
    return Matrix([[_host_access[i * self.m + j] for j in range(self.m)] for i in range(self.n)])
[0m
  warnings.warn(Fore.YELLOW + Style.BRIGHT + msg + Style.RESET_ALL, warning_type)
D:\working\taichi\env\lib\site-packages\taichi\lang\util.py:370: UserWarning: [33m[1mTaichi matrices/vectors with 19x19 > 32 entries are not suggested. Matrices/vectors will be automatically unrolled at compile-time for performance. So the compilation time could be extremely long if the matrix size is too big. You may use a field to store a large matrix like this, e.g.:
    x = ti.field(ti.f32, (19, 19)).
 See https://docs.taichi-lang.org/docs/field#matrix-size for more details.
  File "D:\working\squid robot\LBM\MPM-LBM\baseline_tests\run_step6_lbm_response_to_moving_solid.py", line 143, in <module>
    main()
  File "D:\working\squid robot\LBM\MPM-LBM\baseline_tests\run_step6_lbm_response_to_moving_solid.py", line 66, in main
    lbm = LBMFluid3D(sim.make_lbm_config())
  File "D:\working\squid robot\LBM\MPM-LBM\src\lbm_fluid.py", line 152, in __init__
    self.inv_M[None] = ti.Matrix(inv_M_np)
[0m
  warnings.warn(Fore.YELLOW + Style.BRIGHT + msg + Style.RESET_ALL, warning_type)
D:\working\taichi\env\lib\site-packages\taichi\lang\util.py:370: UserWarning: [33m[1mTaichi matrices/vectors with 19x19 > 32 entries are not suggested. Matrices/vectors will be automatically unrolled at compile-time for performance. So the compilation time could be extremely long if the matrix size is too big. You may use a field to store a large matrix like this, e.g.:
    x = ti.field(ti.f32, (19, 19)).
 See https://docs.taichi-lang.org/docs/field#matrix-size for more details.
  File "D:\working\squid robot\LBM\MPM-LBM\baseline_tests\run_step6_lbm_response_to_moving_solid.py", line 143, in <module>
    main()
  File "D:\working\squid robot\LBM\MPM-LBM\baseline_tests\run_step6_lbm_response_to_moving_solid.py", line 66, in main
    lbm = LBMFluid3D(sim.make_lbm_config())
  File "D:\working\squid robot\LBM\MPM-LBM\src\lbm_fluid.py", line 152, in __init__
    self.inv_M[None] = ti.Matrix(inv_M_np)
  File "D:\working\taichi\env\lib\site-packages\taichi\lang\util.py", line 351, in wrapped
    return func(*args, **kwargs)
  File "D:\working\taichi\env\lib\site-packages\taichi\lang\matrix.py", line 1358, in __setitem__
    self[key]._set_entries(value)
  File "D:\working\taichi\env\lib\site-packages\taichi\lang\util.py", line 351, in wrapped
    return func(*args, **kwargs)
  File "D:\working\taichi\env\lib\site-packages\taichi\lang\matrix.py", line 1367, in __getitem__
    return Matrix([[_host_access[i * self.m + j] for j in range(self.m)] for i in range(self.n)])
[0m
  warnings.warn(Fore.YELLOW + Style.BRIGHT + msg + Style.RESET_ALL, warning_type)
[Taichi] version 1.7.4, llvm 15.0.1, commit b4b956fd, win, python 3.10.18
[Taichi] Starting on arch=cuda
Step 6 LBM response baseline
target_u_lbm=(0.03, 0.0, 0.0)
target_u_norm=(0.234375, 0.0, 0.0)
n_lbm_steps=100
initial_fluid_mean_ux=0.000000000e+00
lbm_step=0020, active_force_cell_count=1584, cell_force_max_norm=8.955410885e-05, hydro_force_max_norm=8.955410885e-05, rho_min=9.999457002e-01, rho_max=1.000055552e+00, lbm_max_v=1.882989600e-04, elapsed=105.75s
lbm_step=0040, active_force_cell_count=1584, cell_force_max_norm=8.923999121e-05, hydro_force_max_norm=8.923999121e-05, rho_min=9.999554157e-01, rho_max=1.000044584e+00, lbm_max_v=3.232407616e-04, elapsed=105.78s
lbm_step=0060, active_force_cell_count=1584, cell_force_max_norm=8.891751349e-05, hydro_force_max_norm=8.891751349e-05, rho_min=9.999426603e-01, rho_max=1.000059128e+00, lbm_max_v=4.610339820e-04, elapsed=105.81s
lbm_step=0080, active_force_cell_count=1584, cell_force_max_norm=8.862154937e-05, hydro_force_max_norm=8.862154937e-05, rho_min=9.999475479e-01, rho_max=1.000054955e+00, lbm_max_v=5.958771799e-04, elapsed=105.85s
lbm_step=0100, active_force_cell_count=1584, cell_force_max_norm=8.836216875e-05, hydro_force_max_norm=8.836216875e-05, rho_min=9.999490976e-01, rho_max=1.000054359e+00, lbm_max_v=7.148829754e-04, elapsed=105.88s
initial_fluid_mean_ux=0.000000000e+00
final_fluid_mean_ux=5.122571019e-04
active_force_cell_count=1584
cell_force_max_norm=8.836216875e-05
hydro_force_max_norm=8.836216875e-05
net_cell_force=(0.07817128300666809, 1.774408886490164e-08, -3.456604247276118e-08)
net_hydro_force=(-0.07817129045724869, -1.7743861491226198e-08, 3.45645645438708e-08)
[OK] Step 6 LBM response baseline finished
