python.exe : D:\working\taichi\env\lib\site-packages\taichi\lang\util.py:370: UserWarning: [33m[1mTaichi matrices/vec
tors with 19x19 > 32 entries are not suggested. Matrices/vectors will be automatically unrolled at compile-time for per
formance. So the compilation time could be extremely long if the matrix size is too big. You may use a field to store a
 large matrix like this, e.g.:
所在位置 行:2 字符: 8
+ $out = & 'D:\working\taichi\env\python.exe' baseline_tests\run_step15 ...
+        ~~~~~~~~~~~~~~~~~~~~~~~~~~~~~~~~~~~~~~~~~~~~~~~~~~~~~~~~~~~~~~
    + CategoryInfo          : NotSpecified: (D:\working\taic...ike this, e.g.::String) [], RemoteException
    + FullyQualifiedErrorId : NativeCommandError

    x = ti.field(ti.f32, (19, 19)).
 See https://docs.taichi-lang.org/docs/field#matrix-size for more details.
  File "D:\working\squid robot\LBM\MPM-LBM\baseline_tests\run_step15_momentum_accounting_sanity.py", line 75, in <modul
e>
    main()
  File "D:\working\squid robot\LBM\MPM-LBM\baseline_tests\run_step15_momentum_accounting_sanity.py", line 38, in main
    result = run_accounted_moving_boundary_case(
  File "D:\working\squid robot\LBM\MPM-LBM\baseline_tests\step15_common.py", line 163, in run_accounted_moving_boundary
_case
    driver.initialize()
  File "D:\working\squid robot\LBM\MPM-LBM\src\fsi_driver.py", line 80, in initialize
    self.lbm = LBMFluid3D(self.sim.make_lbm_config())
  File "D:\working\squid robot\LBM\MPM-LBM\src\lbm_fluid.py", line 136, in __init__
    self.M[None] = ti.Matrix([[1,1,1,1,1,1,1,1,1,1,1,1,1,1,1,1,1,1,1],
[0m
  warnings.warn(Fore.YELLOW + Style.BRIGHT + msg + Style.RESET_ALL, warning_type)
D:\working\taichi\env\lib\site-packages\taichi\lang\util.py:370: UserWarning: [33m[1mTaichi matrices/vectors with 19x
19 > 32 entries are not suggested. Matrices/vectors will be automatically unrolled at compile-time for performance. So
the compilation time could be extremely long if the matrix size is too big. You may use a field to store a large matrix
 like this, e.g.:
    x = ti.field(ti.f32, (19, 19)).
 See https://docs.taichi-lang.org/docs/field#matrix-size for more details.
  File "D:\working\squid robot\LBM\MPM-LBM\baseline_tests\run_step15_momentum_accounting_sanity.py", line 75, in <modul
e>
    main()
  File "D:\working\squid robot\LBM\MPM-LBM\baseline_tests\run_step15_momentum_accounting_sanity.py", line 38, in main
    result = run_accounted_moving_boundary_case(
  File "D:\working\squid robot\LBM\MPM-LBM\baseline_tests\step15_common.py", line 163, in run_accounted_moving_boundary
_case
    driver.initialize()
  File "D:\working\squid robot\LBM\MPM-LBM\src\fsi_driver.py", line 80, in initialize
    self.lbm = LBMFluid3D(self.sim.make_lbm_config())
  File "D:\working\squid robot\LBM\MPM-LBM\src\lbm_fluid.py", line 136, in __init__
    self.M[None] = ti.Matrix([[1,1,1,1,1,1,1,1,1,1,1,1,1,1,1,1,1,1,1],
  File "D:\working\taichi\env\lib\site-packages\taichi\lang\util.py", line 351, in wrapped
    return func(*args, **kwargs)
  File "D:\working\taichi\env\lib\site-packages\taichi\lang\matrix.py", line 1358, in __setitem__
    self[key]._set_entries(value)
  File "D:\working\taichi\env\lib\site-packages\taichi\lang\util.py", line 351, in wrapped
    return func(*args, **kwargs)
  File "D:\working\taichi\env\lib\site-packages\taichi\lang\matrix.py", line 1367, in __getitem__
    return Matrix([[_host_access[i * self.m + j] for j in range(self.m)] for i in range(self.n)])
[0m
  warnings.warn(Fore.YELLOW + Style.BRIGHT + msg + Style.RESET_ALL, warning_type)
D:\working\taichi\env\lib\site-packages\taichi\lang\util.py:370: UserWarning: [33m[1mTaichi matrices/vectors with 19x
19 > 32 entries are not suggested. Matrices/vectors will be automatically unrolled at compile-time for performance. So
the compilation time could be extremely long if the matrix size is too big. You may use a field to store a large matrix
 like this, e.g.:
    x = ti.field(ti.f32, (19, 19)).
 See https://docs.taichi-lang.org/docs/field#matrix-size for more details.
  File "D:\working\squid robot\LBM\MPM-LBM\baseline_tests\run_step15_momentum_accounting_sanity.py", line 75, in <modul
e>
    main()
  File "D:\working\squid robot\LBM\MPM-LBM\baseline_tests\run_step15_momentum_accounting_sanity.py", line 38, in main
    result = run_accounted_moving_boundary_case(
  File "D:\working\squid robot\LBM\MPM-LBM\baseline_tests\step15_common.py", line 163, in run_accounted_moving_boundary
_case
    driver.initialize()
  File "D:\working\squid robot\LBM\MPM-LBM\src\fsi_driver.py", line 80, in initialize
    self.lbm = LBMFluid3D(self.sim.make_lbm_config())
  File "D:\working\squid robot\LBM\MPM-LBM\src\lbm_fluid.py", line 156, in __init__
    self.inv_M[None] = ti.Matrix(inv_M_np)
[0m
  warnings.warn(Fore.YELLOW + Style.BRIGHT + msg + Style.RESET_ALL, warning_type)
D:\working\taichi\env\lib\site-packages\taichi\lang\util.py:370: UserWarning: [33m[1mTaichi matrices/vectors with 19x
19 > 32 entries are not suggested. Matrices/vectors will be automatically unrolled at compile-time for performance. So
the compilation time could be extremely long if the matrix size is too big. You may use a field to store a large matrix
 like this, e.g.:
    x = ti.field(ti.f32, (19, 19)).
 See https://docs.taichi-lang.org/docs/field#matrix-size for more details.
  File "D:\working\squid robot\LBM\MPM-LBM\baseline_tests\run_step15_momentum_accounting_sanity.py", line 75, in <modul
e>
    main()
  File "D:\working\squid robot\LBM\MPM-LBM\baseline_tests\run_step15_momentum_accounting_sanity.py", line 38, in main
    result = run_accounted_moving_boundary_case(
  File "D:\working\squid robot\LBM\MPM-LBM\baseline_tests\step15_common.py", line 163, in run_accounted_moving_boundary
_case
    driver.initialize()
  File "D:\working\squid robot\LBM\MPM-LBM\src\fsi_driver.py", line 80, in initialize
    self.lbm = LBMFluid3D(self.sim.make_lbm_config())
  File "D:\working\squid robot\LBM\MPM-LBM\src\lbm_fluid.py", line 156, in __init__
    self.inv_M[None] = ti.Matrix(inv_M_np)
  File "D:\working\taichi\env\lib\site-packages\taichi\lang\util.py", line 351, in wrapped
    return func(*args, **kwargs)
  File "D:\working\taichi\env\lib\site-packages\taichi\lang\matrix.py", line 1358, in __setitem__
    self[key]._set_entries(value)
  File "D:\working\taichi\env\lib\site-packages\taichi\lang\util.py", line 351, in wrapped
    return func(*args, **kwargs)
  File "D:\working\taichi\env\lib\site-packages\taichi\lang\matrix.py", line 1367, in __getitem__
    return Matrix([[_host_access[i * self.m + j] for j in range(self.m)] for i in range(self.n)])
[0m
  warnings.warn(Fore.YELLOW + Style.BRIGHT + msg + Style.RESET_ALL, warning_type)
[Taichi] version 1.7.4, llvm 15.0.1, commit b4b956fd, win, python 3.10.18
[Taichi] Starting on arch=cuda
Step 15 moving-boundary momentum accounting sanity
first_step bb_link_count=2602, bb_net_fluid_impulse_x=2.793332338e+00, bb_net_solid_force_x=-2.793332338e+00, hydro_force_sum_x=-2.793336697e+00, net_grid_reaction_force_x=-7.738575339e-03
final_step rho_min=9.822284579e-01, rho_max=1.025294662e+00, lbm_max_v=1.615386352e-02, mpm_min_J=9.882376194e-01, mpm_max_speed=2.280693008e-01, solid_momentum_delta_x=4.831804181e-05, force_sign_consistent=True
csv=D:\working\squid robot\LBM\MPM-LBM\outputs\step15_momentum_accounting\accounting_timeseries.csv
npz=D:\working\squid robot\LBM\MPM-LBM\outputs\step15_momentum_accounting\accounting_timeseries.npz
elapsed=48.50s
[OK] Step 15 momentum accounting sanity finished
