D:\working\taichi\env\lib\site-packages\taichi\lang\util.py:370: UserWarning: [33m[1mTaichi matrices/vectors with 19x19 > 32 entries are not suggested. Matrices/vectors will be automatically unrolled at compile-time for performance. So the compilation time could be extremely long if the matrix size is too big. You may use a field to store a large matrix like this, e.g.:
    x = ti.field(ti.f32, (19, 19)).
 See https://docs.taichi-lang.org/docs/field#matrix-size for more details.
  File "D:\working\squid robot\LBM\MPM-LBM\baseline_tests\run_step4_time_sync_dummy.py", line 132, in <module>
    main()
  File "D:\working\squid robot\LBM\MPM-LBM\baseline_tests\run_step4_time_sync_dummy.py", line 63, in main
    lbm = LBMFluid3D(sim.make_lbm_config(force=(0.0, 0.0, 0.0)))
  File "D:\working\squid robot\LBM\MPM-LBM\src\lbm_fluid.py", line 132, in __init__
    self.M[None] = ti.Matrix([[1,1,1,1,1,1,1,1,1,1,1,1,1,1,1,1,1,1,1],
[0m
  warnings.warn(Fore.YELLOW + Style.BRIGHT + msg + Style.RESET_ALL, warning_type)
D:\working\taichi\env\lib\site-packages\taichi\lang\util.py:370: UserWarning: [33m[1mTaichi matrices/vectors with 19x19 > 32 entries are not suggested. Matrices/vectors will be automatically unrolled at compile-time for performance. So the compilation time could be extremely long if the matrix size is too big. You may use a field to store a large matrix like this, e.g.:
    x = ti.field(ti.f32, (19, 19)).
 See https://docs.taichi-lang.org/docs/field#matrix-size for more details.
  File "D:\working\squid robot\LBM\MPM-LBM\baseline_tests\run_step4_time_sync_dummy.py", line 132, in <module>
    main()
  File "D:\working\squid robot\LBM\MPM-LBM\baseline_tests\run_step4_time_sync_dummy.py", line 63, in main
    lbm = LBMFluid3D(sim.make_lbm_config(force=(0.0, 0.0, 0.0)))
  File "D:\working\squid robot\LBM\MPM-LBM\src\lbm_fluid.py", line 132, in __init__
    self.M[None] = ti.Matrix([[1,1,1,1,1,1,1,1,1,1,1,1,1,1,1,1,1,1,1],
  File "D:\working\taichi\env\lib\site-packages\taichi\lang\util.py", line 351, in wrapped
    return func(*args, **kwargs)
  File "D:\working\taichi\env\lib\site-packages\taichi\lang\matrix.py", line 1358, in __setitem__
    self[key]._set_entries(value)
  File "D:\working\taichi\env\lib\site-packages\taichi\lang\util.py", line 351, in wrapped
    return func(*args, **kwargs)
  File "D:\working\taichi\env\lib\site-packages\taichi\lang\matrix.py", line 1367, in __getitem__
    return Matrix([[_host_access[i * self.m + j] for j in range(self.m)] for i in range(self.n)])
[0m
  warnings.warn(Fore.YELLOW + Style.BRIGHT + msg + Style.RESET_ALL, warning_type)
D:\working\taichi\env\lib\site-packages\taichi\lang\util.py:370: UserWarning: [33m[1mTaichi matrices/vectors with 19x19 > 32 entries are not suggested. Matrices/vectors will be automatically unrolled at compile-time for performance. So the compilation time could be extremely long if the matrix size is too big. You may use a field to store a large matrix like this, e.g.:
    x = ti.field(ti.f32, (19, 19)).
 See https://docs.taichi-lang.org/docs/field#matrix-size for more details.
  File "D:\working\squid robot\LBM\MPM-LBM\baseline_tests\run_step4_time_sync_dummy.py", line 132, in <module>
    main()
  File "D:\working\squid robot\LBM\MPM-LBM\baseline_tests\run_step4_time_sync_dummy.py", line 63, in main
    lbm = LBMFluid3D(sim.make_lbm_config(force=(0.0, 0.0, 0.0)))
  File "D:\working\squid robot\LBM\MPM-LBM\src\lbm_fluid.py", line 152, in __init__
    self.inv_M[None] = ti.Matrix(inv_M_np)
[0m
  warnings.warn(Fore.YELLOW + Style.BRIGHT + msg + Style.RESET_ALL, warning_type)
D:\working\taichi\env\lib\site-packages\taichi\lang\util.py:370: UserWarning: [33m[1mTaichi matrices/vectors with 19x19 > 32 entries are not suggested. Matrices/vectors will be automatically unrolled at compile-time for performance. So the compilation time could be extremely long if the matrix size is too big. You may use a field to store a large matrix like this, e.g.:
    x = ti.field(ti.f32, (19, 19)).
 See https://docs.taichi-lang.org/docs/field#matrix-size for more details.
  File "D:\working\squid robot\LBM\MPM-LBM\baseline_tests\run_step4_time_sync_dummy.py", line 132, in <module>
    main()
  File "D:\working\squid robot\LBM\MPM-LBM\baseline_tests\run_step4_time_sync_dummy.py", line 63, in main
    lbm = LBMFluid3D(sim.make_lbm_config(force=(0.0, 0.0, 0.0)))
  File "D:\working\squid robot\LBM\MPM-LBM\src\lbm_fluid.py", line 152, in __init__
    self.inv_M[None] = ti.Matrix(inv_M_np)
  File "D:\working\taichi\env\lib\site-packages\taichi\lang\util.py", line 351, in wrapped
    return func(*args, **kwargs)
  File "D:\working\taichi\env\lib\site-packages\taichi\lang\matrix.py", line 1358, in __setitem__
    self[key]._set_entries(value)
  File "D:\working\taichi\env\lib\site-packages\taichi\lang\util.py", line 351, in wrapped
    return func(*args, **kwargs)
  File "D:\working\taichi\env\lib\site-packages\taichi\lang\matrix.py", line 1367, in __getitem__
    return Matrix([[_host_access[i * self.m + j] for j in range(self.m)] for i in range(self.n)])
[0m
  warnings.warn(Fore.YELLOW + Style.BRIGHT + msg + Style.RESET_ALL, warning_type)
[Taichi] version 1.7.4, llvm 15.0.1, commit b4b956fd, win, python 3.10.18
[Taichi] Starting on arch=cuda
Step 4 time sync dummy baseline
n_grid=32
dx_norm=0.03125000
mpm_dt=0.00040000
mpm_substeps_per_lbm_step=10
lbm_dt_phys=0.00400000
lbm_step=0000, total_mpm_substeps=0, rho_min=1.000000, rho_max=1.000000, lbm_max_v=0.000000e+00, mpm_min_J=1.000000, mpm_max_speed=0.000000e+00, elapsed=3.03s
lbm_step=0005, total_mpm_substeps=50, rho_min=1.000000, rho_max=1.000000, lbm_max_v=0.000000e+00, mpm_min_J=1.000000, mpm_max_speed=0.000000e+00, elapsed=112.02s
lbm_step=0010, total_mpm_substeps=100, rho_min=1.000000, rho_max=1.000000, lbm_max_v=0.000000e+00, mpm_min_J=1.000000, mpm_max_speed=0.000000e+00, elapsed=112.08s
lbm_step=0015, total_mpm_substeps=150, rho_min=1.000000, rho_max=1.000000, lbm_max_v=0.000000e+00, mpm_min_J=1.000000, mpm_max_speed=0.000000e+00, elapsed=112.12s
lbm_step=0020, total_mpm_substeps=200, rho_min=1.000000, rho_max=1.000000, lbm_max_v=0.000000e+00, mpm_min_J=1.000000, mpm_max_speed=0.000000e+00, elapsed=112.16s
[OK] Step 4 time sync dummy baseline finished. completed_lbm_steps=20, total_mpm_substeps=200, rho_min=1.000000, rho_max=1.000000, lbm_max_v=0.000000e+00, mpm_min_J=1.000000, mpm_max_speed=0.000000e+00, out_dir=D:\working\squid robot\LBM\MPM-LBM\outputs\step4_time_sync_dummy
