D:\working\taichi\env\lib\site-packages\taichi\lang\util.py:370: UserWarning: [33m[1mTaichi matrices/vectors with 19x19 > 32 entries are not suggested. Matrices/vectors will be automatically unrolled at compile-time for performance. So the compilation time could be extremely long if the matrix size is too big. You may use a field to store a large matrix like this, e.g.:
    x = ti.field(ti.f32, (19, 19)).
 See https://docs.taichi-lang.org/docs/field#matrix-size for more details.
  File "D:\working\squid robot\LBM\MPM-LBM\baseline_tests\run_step7_couette_like_validation.py", line 200, in <module>
    main()
  File "D:\working\squid robot\LBM\MPM-LBM\baseline_tests\run_step7_couette_like_validation.py", line 66, in main
    lbm = LBMFluid3D(sim.make_lbm_config())
  File "D:\working\squid robot\LBM\MPM-LBM\src\lbm_fluid.py", line 132, in __init__
    self.M[None] = ti.Matrix([[1,1,1,1,1,1,1,1,1,1,1,1,1,1,1,1,1,1,1],
[0m
  warnings.warn(Fore.YELLOW + Style.BRIGHT + msg + Style.RESET_ALL, warning_type)
D:\working\taichi\env\lib\site-packages\taichi\lang\util.py:370: UserWarning: [33m[1mTaichi matrices/vectors with 19x19 > 32 entries are not suggested. Matrices/vectors will be automatically unrolled at compile-time for performance. So the compilation time could be extremely long if the matrix size is too big. You may use a field to store a large matrix like this, e.g.:
    x = ti.field(ti.f32, (19, 19)).
 See https://docs.taichi-lang.org/docs/field#matrix-size for more details.
  File "D:\working\squid robot\LBM\MPM-LBM\baseline_tests\run_step7_couette_like_validation.py", line 200, in <module>
    main()
  File "D:\working\squid robot\LBM\MPM-LBM\baseline_tests\run_step7_couette_like_validation.py", line 66, in main
    lbm = LBMFluid3D(sim.make_lbm_config())
  File "D:\working\squid robot\LBM\MPM-LBM\src\lbm_fluid.py", line 132, in __init__
    self.M[None] = ti.Matrix([[1,1,1,1,1,1,1,1,1,1,1,1,1,1,1,1,1,1,1],
  File "D:\working\taichi\env\lib\site-packages\taichi\lang\util.py", line 351, in wrapped
    return func(*args, **kwargs)
  File "D:\working\taichi\env\lib\site-packages\taichi\lang\matrix.py", line 1358, in __setitem__
    self[key]._set_entries(value)
  File "D:\working\taichi\env\lib\site-packages\taichi\lang\util.py", line 351, in wrapped
    return func(*args, **kwargs)
  File "D:\working\taichi\env\lib\site-packages\taichi\lang\matrix.py", line 1367, in __getitem__
    return Matrix([[_host_access[i * self.m + j] for j in range(self.m)] for i in range(self.n)])
[0m
  warnings.warn(Fore.YELLOW + Style.BRIGHT + msg + Style.RESET_ALL, warning_type)
D:\working\taichi\env\lib\site-packages\taichi\lang\util.py:370: UserWarning: [33m[1mTaichi matrices/vectors with 19x19 > 32 entries are not suggested. Matrices/vectors will be automatically unrolled at compile-time for performance. So the compilation time could be extremely long if the matrix size is too big. You may use a field to store a large matrix like this, e.g.:
    x = ti.field(ti.f32, (19, 19)).
 See https://docs.taichi-lang.org/docs/field#matrix-size for more details.
  File "D:\working\squid robot\LBM\MPM-LBM\baseline_tests\run_step7_couette_like_validation.py", line 200, in <module>
    main()
  File "D:\working\squid robot\LBM\MPM-LBM\baseline_tests\run_step7_couette_like_validation.py", line 66, in main
    lbm = LBMFluid3D(sim.make_lbm_config())
  File "D:\working\squid robot\LBM\MPM-LBM\src\lbm_fluid.py", line 152, in __init__
    self.inv_M[None] = ti.Matrix(inv_M_np)
[0m
  warnings.warn(Fore.YELLOW + Style.BRIGHT + msg + Style.RESET_ALL, warning_type)
D:\working\taichi\env\lib\site-packages\taichi\lang\util.py:370: UserWarning: [33m[1mTaichi matrices/vectors with 19x19 > 32 entries are not suggested. Matrices/vectors will be automatically unrolled at compile-time for performance. So the compilation time could be extremely long if the matrix size is too big. You may use a field to store a large matrix like this, e.g.:
    x = ti.field(ti.f32, (19, 19)).
 See https://docs.taichi-lang.org/docs/field#matrix-size for more details.
  File "D:\working\squid robot\LBM\MPM-LBM\baseline_tests\run_step7_couette_like_validation.py", line 200, in <module>
    main()
  File "D:\working\squid robot\LBM\MPM-LBM\baseline_tests\run_step7_couette_like_validation.py", line 66, in main
    lbm = LBMFluid3D(sim.make_lbm_config())
  File "D:\working\squid robot\LBM\MPM-LBM\src\lbm_fluid.py", line 152, in __init__
    self.inv_M[None] = ti.Matrix(inv_M_np)
  File "D:\working\taichi\env\lib\site-packages\taichi\lang\util.py", line 351, in wrapped
    return func(*args, **kwargs)
  File "D:\working\taichi\env\lib\site-packages\taichi\lang\matrix.py", line 1358, in __setitem__
    self[key]._set_entries(value)
  File "D:\working\taichi\env\lib\site-packages\taichi\lang\util.py", line 351, in wrapped
    return func(*args, **kwargs)
  File "D:\working\taichi\env\lib\site-packages\taichi\lang\matrix.py", line 1367, in __getitem__
    return Matrix([[_host_access[i * self.m + j] for j in range(self.m)] for i in range(self.n)])
[0m
  warnings.warn(Fore.YELLOW + Style.BRIGHT + msg + Style.RESET_ALL, warning_type)
[Taichi] version 1.7.4, llvm 15.0.1, commit b4b956fd, win, python 3.10.18
[Taichi] Starting on arch=cuda
Step 7 Couette-like validation
n_grid=32
n_lbm_steps=100
mpm_substeps_per_lbm_step=10
target_u_lbm=(0.03, 0.0, 0.0)
target_u_norm=(0.234375, 0.0, 0.0)
initial_projection_zone_fluid_mean_ux=0.000000000e+00
initial_solid_mean_vx_norm=2.343821377e-01
lbm_step=0020, total_mpm_substeps=200, active_force_cell_count=1296, rho_min=9.999867082e-01, rho_max=1.000015974e+00, lbm_max_v=6.479957665e-05, mpm_min_J=9.999930859e-01, mpm_max_speed=2.306368798e-01, elapsed=66.65s
lbm_step=0040, total_mpm_substeps=400, active_force_cell_count=1294, rho_min=9.999874830e-01, rho_max=1.000012159e+00, lbm_max_v=1.124681439e-04, mpm_min_J=9.999935627e-01, mpm_max_speed=2.269407958e-01, elapsed=66.90s
lbm_step=0060, total_mpm_substeps=600, active_force_cell_count=1296, rho_min=9.999867678e-01, rho_max=1.000016212e+00, lbm_max_v=1.596520451e-04, mpm_min_J=9.999934435e-01, mpm_max_speed=2.233002186e-01, elapsed=67.13s
lbm_step=0080, total_mpm_substeps=800, active_force_cell_count=1295, rho_min=9.999873638e-01, rho_max=1.000016093e+00, lbm_max_v=2.046853479e-04, mpm_min_J=9.999909401e-01, mpm_max_speed=2.197361439e-01, elapsed=67.36s
lbm_step=0100, total_mpm_substeps=1000, active_force_cell_count=1296, rho_min=9.999880791e-01, rho_max=1.000015020e+00, lbm_max_v=2.438331430e-04, mpm_min_J=9.999933243e-01, mpm_max_speed=2.162137628e-01, elapsed=67.58s
initial_projection_zone_fluid_mean_ux=0.000000000e+00
final_projection_zone_fluid_mean_ux=1.579456293e-04
far_field_fluid_mean_ux=2.134014039e-06
final_global_fluid_mean_ux=6.000273061e-06
initial_solid_mean_vx_norm=2.343821377e-01
final_solid_mean_vx_norm=2.161261886e-01
active_force_cell_count=1296
rho_min=9.999880791e-01
rho_max=1.000015020e+00
lbm_max_v=2.438331430e-04
mpm_min_J=9.999933243e-01
mpm_max_speed=2.162137628e-01
[OK] Step 7 Couette-like validation finished
